# JRE version: OpenJDK Runtime Environment Microsoft-8297089 (17.0.8.1+1) (build 17.0.8.1+1-LTS)
# Java VM: OpenJDK 64-Bit Server VM Microsoft-8297089 (17.0.8.1+1-LTS, mixed mode, sharing, tiered, compressed oops, compressed class ptrs, g1 gc, windows-amd64)
GC Precious Log:
 CPUs: 4 total, 4 available
 Memory: 12163M
 Large Page Support: Disabled
 NUMA Support: Disabled
 Compressed Oops: Enabled (32-bit)
 Heap Region Size: 1M
 Heap Min Capacity: 8M
 Heap Initial Capacity: 192M
 Heap Max Capacity: 1G
 Pre-touch: Disabled
 Parallel Workers: 4
 Concurrent Workers: 1
 Concurrent Refinement Workers: 4
 Periodic GC: Disabled
Heap:
 garbage-first heap   total 463872K, used 327305K [0x00000000c0000000, 0x0000000100000000)
  region size 1024K, 21 young (21504K), 11 survivors (11264K)
 Metaspace       used 22513K, committed 22784K, reserved 1114112K
  class space    used 2728K, committed 2816K, reserved 1048576K
GC Heap History (20 events):
Event: 66.153 GC heap before
{Heap before GC invocations=78 (full 0):
 garbage-first heap   total 463872K, used 404336K [0x00000000c0000000, 0x0000000100000000)
  region size 1024K, 162 young (165888K), 12 survivors (12288K)
 Metaspace       used 17575K, committed 17728K, reserved 1114112K
  class space    used 2073K, committed 2112K, reserved 1048576K
}
Event: 66.179 GC heap after
{Heap after GC invocations=79 (full 0):
 garbage-first heap   total 463872K, used 252535K [0x00000000c0000000, 0x0000000100000000)
  region size 1024K, 13 young (13312K), 13 survivors (13312K)
 Metaspace       used 17575K, committed 17728K, reserved 1114112K
  class space    used 2073K, committed 2112K, reserved 1048576K
}
Event: 66.780 GC heap before
{Heap before GC invocations=79 (full 0):
 garbage-first heap   total 463872K, used 403063K [0x00000000c0000000, 0x0000000100000000)
  region size 1024K, 160 young (163840K), 13 survivors (13312K)
 Metaspace       used 17576K, committed 17728K, reserved 1114112K
  class space    used 2073K, committed 2112K, reserved 1048576K
}
Event: 66.806 GC heap after
{Heap after GC invocations=80 (full 0):
 garbage-first heap   total 463872K, used 251625K [0x00000000c0000000, 0x0000000100000000)
  region size 1024K, 10 young (10240K), 10 survivors (10240K)
 Metaspace       used 17576K, committed 17728K, reserved 1114112K
  class space    used 2073K, committed 2112K, reserved 1048576K
}
Event: 67.595 GC heap before
{Heap before GC invocations=80 (full 0):
 garbage-first heap   total 463872K, used 406249K [0x00000000c0000000, 0x0000000100000000)
  region size 1024K, 161 young (164864K), 10 survivors (10240K)
 Metaspace       used 17577K, committed 17728K, reserved 1114112K
  class space    used 2073K, committed 2112K, reserved 1048576K
}
Event: 67.620 GC heap after
{Heap after GC invocations=81 (full 0):
 garbage-first heap   total 463872K, used 252126K [0x00000000c0000000, 0x0000000100000000)
  region size 1024K, 11 young (11264K), 11 survivors (11264K)
 Metaspace       used 17577K, committed 17728K, reserved 1114112K
  class space    used 2073K, committed 2112K, reserved 1048576K
}
Event: 68.294 GC heap before
{Heap before GC invocations=81 (full 0):
 garbage-first heap   total 463872K, used 404702K [0x00000000c0000000, 0x0000000100000000)
  region size 1024K, 160 young (163840K), 11 survivors (11264K)
 Metaspace       used 17581K, committed 17792K, reserved 1114112K
  class space    used 2074K, committed 2176K, reserved 1048576K
}
Event: 68.323 GC heap after
{Heap after GC invocations=82 (full 0):
 garbage-first heap   total 463872K, used 253155K [0x00000000c0000000, 0x0000000100000000)
  region size 1024K, 12 young (12288K), 12 survivors (12288K)
 Metaspace       used 17581K, committed 17792K, reserved 1114112K
  class space    used 2074K, committed 2176K, reserved 1048576K
}
Event: 68.890 GC heap before
{Heap before GC invocations=82 (full 0):
 garbage-first heap   total 463872K, used 403683K [0x00000000c0000000, 0x0000000100000000)
  region size 1024K, 159 young (162816K), 12 survivors (12288K)
 Metaspace       used 17585K, committed 17792K, reserved 1114112K
  class space    used 2074K, committed 2176K, reserved 1048576K
}
Event: 68.916 GC heap after
{Heap after GC invocations=83 (full 0):
 garbage-first heap   total 463872K, used 253918K [0x00000000c0000000, 0x0000000100000000)
  region size 1024K, 12 young (12288K), 12 survivors (12288K)
 Metaspace       used 17585K, committed 17792K, reserved 1114112K
  class space    used 2074K, committed 2176K, reserved 1048576K
}
Event: 69.492 GC heap before
{Heap before GC invocations=83 (full 0):
 garbage-first heap   total 463872K, used 403422K [0x00000000c0000000, 0x0000000100000000)
  region size 1024K, 158 young (161792K), 12 survivors (12288K)
 Metaspace       used 17586K, committed 17792K, reserved 1114112K
  class space    used 2074K, committed 2176K, reserved 1048576K
}
Event: 69.521 GC heap after
{Heap after GC invocations=84 (full 0):
 garbage-first heap   total 463872K, used 255179K [0x00000000c0000000, 0x0000000100000000)
  region size 1024K, 12 young (12288K), 12 survivors (12288K)
 Metaspace       used 17586K, committed 17792K, reserved 1114112K
  class space    used 2074K, committed 2176K, reserved 1048576K
}
Event: 70.222 GC heap before
{Heap before GC invocations=84 (full 0):
 garbage-first heap   total 463872K, used 402635K [0x00000000c0000000, 0x0000000100000000)
  region size 1024K, 157 young (160768K), 12 survivors (12288K)
 Metaspace       used 18004K, committed 18176K, reserved 1114112K
  class space    used 2139K, committed 2176K, reserved 1048576K
}
Event: 70.250 GC heap after
{Heap after GC invocations=85 (full 0):
 garbage-first heap   total 463872K, used 256235K [0x00000000c0000000, 0x0000000100000000)
  region size 1024K, 12 young (12288K), 12 survivors (12288K)
 Metaspace       used 18004K, committed 18176K, reserved 1114112K
  class space    used 2139K, committed 2176K, reserved 1048576K
}
Event: 75.707 GC heap before
{Heap before GC invocations=85 (full 0):
 garbage-first heap   total 463872K, used 409835K [0x00000000c0000000, 0x0000000100000000)
  region size 1024K, 156 young (159744K), 12 survivors (12288K)
 Metaspace       used 21543K, committed 21760K, reserved 1114112K
  class space    used 2626K, committed 2752K, reserved 1048576K
}
Event: 75.779 GC heap after
{Heap after GC invocations=86 (full 0):
 garbage-first heap   total 463872K, used 266624K [0x00000000c0000000, 0x0000000100000000)
  region size 1024K, 20 young (20480K), 20 survivors (20480K)
 Metaspace       used 21543K, committed 21760K, reserved 1114112K
  class space    used 2626K, committed 2752K, reserved 1048576K
}
Event: 80.732 GC heap before
{Heap before GC invocations=86 (full 0):
 garbage-first heap   total 463872K, used 427392K [0x00000000c0000000, 0x0000000100000000)
  region size 1024K, 146 young (149504K), 20 survivors (20480K)
 Metaspace       used 22450K, committed 22656K, reserved 1114112K
  class space    used 2729K, committed 2816K, reserved 1048576K
}
Event: 80.803 GC heap after
{Heap after GC invocations=87 (full 0):
 garbage-first heap   total 463872K, used 300922K [0x00000000c0000000, 0x0000000100000000)
  region size 1024K, 10 young (10240K), 10 survivors (10240K)
 Metaspace       used 22450K, committed 22656K, reserved 1114112K
  class space    used 2729K, committed 2816K, reserved 1048576K
}
Event: 81.850 GC heap before
{Heap before GC invocations=87 (full 0):
 garbage-first heap   total 463872K, used 414586K [0x00000000c0000000, 0x0000000100000000)
  region size 1024K, 107 young (109568K), 10 survivors (10240K)
 Metaspace       used 22514K, committed 22784K, reserved 1114112K
  class space    used 2729K, committed 2816K, reserved 1048576K
}
Event: 81.886 GC heap after
{Heap after GC invocations=88 (full 0):
 garbage-first heap   total 463872K, used 325257K [0x00000000c0000000, 0x0000000100000000)
  region size 1024K, 11 young (11264K), 11 survivors (11264K)
 Metaspace       used 22514K, committed 22784K, reserved 1114112K
  class space    used 2729K, committed 2816K, reserved 1048576K
}

