# JRE version: OpenJDK Runtime Environment Microsoft-8297089 (17.0.8.1+1) (build 17.0.8.1+1-LTS)
# Java VM: OpenJDK 64-Bit Server VM Microsoft-8297089 (17.0.8.1+1-LTS, mixed mode, sharing, tiered, compressed oops, compressed class ptrs, g1 gc, windows-amd64)
GC Precious Log:
 CPUs: 4 total, 4 available
 Memory: 12163M
 Large Page Support: Disabled
 NUMA Support: Disabled
 Compressed Oops: Enabled (32-bit)
 Heap Region Size: 1M
 Heap Min Capacity: 8M
 Heap Initial Capacity: 192M
 Heap Max Capacity: 1G
 Pre-touch: Disabled
 Parallel Workers: 4
 Concurrent Workers: 1
 Concurrent Refinement Workers: 4
 Periodic GC: Disabled
Heap:
 garbage-first heap   total 308224K, used 169984K [0x00000000c0000000, 0x0000000100000000)
  region size 1024K, 12 young (12288K), 12 survivors (12288K)
 Metaspace       used 10267K, committed 10496K, reserved 1114112K
  class space    used 1182K, committed 1280K, reserved 1048576K
GC Heap History (20 events):
Event: 1.117 GC heap after
{Heap after GC invocations=3 (full 0):
 garbage-first heap   total 196608K, used 13156K [0x00000000c0000000, 0x0000000100000000)
  region size 1024K, 3 young (3072K), 3 survivors (3072K)
 Metaspace       used 5322K, committed 5440K, reserved 1114112K
  class space    used 579K, committed 640K, reserved 1048576K
}
Event: 1.239 GC heap before
{Heap before GC invocations=3 (full 0):
 garbage-first heap   total 196608K, used 43876K [0x00000000c0000000, 0x0000000100000000)
  region size 1024K, 32 young (32768K), 3 survivors (3072K)
 Metaspace       used 5323K, committed 5440K, reserved 1114112K
  class space    used 579K, committed 640K, reserved 1048576K
}
Event: 1.244 GC heap after
{Heap after GC invocations=4 (full 0):
 garbage-first heap   total 196608K, used 20331K [0x00000000c0000000, 0x0000000100000000)
  region size 1024K, 4 young (4096K), 4 survivors (4096K)
 Metaspace       used 5323K, committed 5440K, reserved 1114112K
  class space    used 579K, committed 640K, reserved 1048576K
}
Event: 1.551 GC heap before
{Heap before GC invocations=4 (full 0):
 garbage-first heap   total 196608K, used 88939K [0x00000000c0000000, 0x0000000100000000)
  region size 1024K, 71 young (72704K), 4 survivors (4096K)
 Metaspace       used 5334K, committed 5504K, reserved 1114112K
  class space    used 579K, committed 640K, reserved 1048576K
}
Event: 1.557 GC heap after
{Heap after GC invocations=5 (full 0):
 garbage-first heap   total 196608K, used 35008K [0x00000000c0000000, 0x0000000100000000)
  region size 1024K, 9 young (9216K), 9 survivors (9216K)
 Metaspace       used 5334K, committed 5504K, reserved 1114112K
  class space    used 579K, committed 640K, reserved 1048576K
}
Event: 2.363 GC heap before
{Heap before GC invocations=5 (full 0):
 garbage-first heap   total 196608K, used 109760K [0x00000000c0000000, 0x0000000100000000)
  region size 1024K, 82 young (83968K), 9 survivors (9216K)
 Metaspace       used 7031K, committed 7168K, reserved 1114112K
  class space    used 763K, committed 832K, reserved 1048576K
}
Event: 2.390 GC heap after
{Heap after GC invocations=6 (full 0):
 garbage-first heap   total 196608K, used 53062K [0x00000000c0000000, 0x0000000100000000)
  region size 1024K, 11 young (11264K), 11 survivors (11264K)
 Metaspace       used 7031K, committed 7168K, reserved 1114112K
  class space    used 763K, committed 832K, reserved 1048576K
}
Event: 2.703 GC heap before
{Heap before GC invocations=6 (full 0):
 garbage-first heap   total 196608K, used 114502K [0x00000000c0000000, 0x0000000100000000)
  region size 1024K, 71 young (72704K), 11 survivors (11264K)
 Metaspace       used 7049K, committed 7232K, reserved 1114112K
  class space    used 765K, committed 832K, reserved 1048576K
}
Event: 2.739 GC heap after
{Heap after GC invocations=7 (full 0):
 garbage-first heap   total 196608K, used 66048K [0x00000000c0000000, 0x0000000100000000)
  region size 1024K, 9 young (9216K), 9 survivors (9216K)
 Metaspace       used 7049K, committed 7232K, reserved 1114112K
  class space    used 765K, committed 832K, reserved 1048576K
}
Event: 3.043 GC heap before
{Heap before GC invocations=7 (full 0):
 garbage-first heap   total 196608K, used 127488K [0x00000000c0000000, 0x0000000100000000)
  region size 1024K, 69 young (70656K), 9 survivors (9216K)
 Metaspace       used 7062K, committed 7232K, reserved 1114112K
  class space    used 765K, committed 832K, reserved 1048576K
}
Event: 3.094 GC heap after
{Heap after GC invocations=8 (full 0):
 garbage-first heap   total 196608K, used 81408K [0x00000000c0000000, 0x0000000100000000)
  region size 1024K, 9 young (9216K), 9 survivors (9216K)
 Metaspace       used 7062K, committed 7232K, reserved 1114112K
  class space    used 765K, committed 832K, reserved 1048576K
}
Event: 3.405 GC heap before
{Heap before GC invocations=8 (full 0):
 garbage-first heap   total 196608K, used 133632K [0x00000000c0000000, 0x0000000100000000)
  region size 1024K, 57 young (58368K), 9 survivors (9216K)
 Metaspace       used 7063K, committed 7232K, reserved 1114112K
  class space    used 765K, committed 832K, reserved 1048576K
}
Event: 3.456 GC heap after
{Heap after GC invocations=9 (full 0):
 garbage-first heap   total 308224K, used 96256K [0x00000000c0000000, 0x0000000100000000)
  region size 1024K, 8 young (8192K), 8 survivors (8192K)
 Metaspace       used 7063K, committed 7232K, reserved 1114112K
  class space    used 765K, committed 832K, reserved 1048576K
}
Event: 4.606 GC heap before
{Heap before GC invocations=9 (full 0):
 garbage-first heap   total 308224K, used 215040K [0x00000000c0000000, 0x0000000100000000)
  region size 1024K, 124 young (126976K), 8 survivors (8192K)
 Metaspace       used 8638K, committed 8832K, reserved 1114112K
  class space    used 988K, committed 1088K, reserved 1048576K
}
Event: 4.674 GC heap after
{Heap after GC invocations=10 (full 0):
 garbage-first heap   total 308224K, used 119296K [0x00000000c0000000, 0x0000000100000000)
  region size 1024K, 16 young (16384K), 16 survivors (16384K)
 Metaspace       used 8638K, committed 8832K, reserved 1114112K
  class space    used 988K, committed 1088K, reserved 1048576K
}
Event: 4.992 GC heap before
{Heap before GC invocations=10 (full 0):
 garbage-first heap   total 308224K, used 181760K [0x00000000c0000000, 0x0000000100000000)
  region size 1024K, 77 young (78848K), 16 survivors (16384K)
 Metaspace       used 8639K, committed 8832K, reserved 1114112K
  class space    used 988K, committed 1088K, reserved 1048576K
}
Event: 5.071 GC heap after
{Heap after GC invocations=11 (full 0):
 garbage-first heap   total 308224K, used 133120K [0x00000000c0000000, 0x0000000100000000)
  region size 1024K, 10 young (10240K), 10 survivors (10240K)
 Metaspace       used 8639K, committed 8832K, reserved 1114112K
  class space    used 988K, committed 1088K, reserved 1048576K
}
Event: 5.732 GC heap before
{Heap before GC invocations=11 (full 0):
 garbage-first heap   total 308224K, used 225280K [0x00000000c0000000, 0x0000000100000000)
  region size 1024K, 100 young (102400K), 10 survivors (10240K)
 Metaspace       used 10264K, committed 10496K, reserved 1114112K
  class space    used 1181K, committed 1280K, reserved 1048576K
}
Event: 5.781 GC heap after
{Heap after GC invocations=12 (full 0):
 garbage-first heap   total 308224K, used 152064K [0x00000000c0000000, 0x0000000100000000)
  region size 1024K, 13 young (13312K), 13 survivors (13312K)
 Metaspace       used 10264K, committed 10496K, reserved 1114112K
  class space    used 1181K, committed 1280K, reserved 1048576K
}
Event: 6.162 GC heap before
{Heap before GC invocations=12 (full 0):
 garbage-first heap   total 308224K, used 233984K [0x00000000c0000000, 0x0000000100000000)
  region size 1024K, 93 young (95232K), 13 survivors (13312K)
 Metaspace       used 10267K, committed 10496K, reserved 1114112K
  class space    used 1182K, committed 1280K, reserved 1048576K
}

