# JRE version: OpenJDK Runtime Environment Microsoft-8297089 (17.0.8.1+1) (build 17.0.8.1+1-LTS)
# Java VM: OpenJDK 64-Bit Server VM Microsoft-8297089 (17.0.8.1+1-LTS, mixed mode, sharing, tiered, compressed oops, compressed class ptrs, g1 gc, windows-amd64)
GC Precious Log:
 CPUs: 4 total, 4 available
 Memory: 12163M
 Large Page Support: Disabled
 NUMA Support: Disabled
 Compressed Oops: Enabled (Zero based)
 Heap Region Size: 2M
 Heap Min Capacity: 8M
 Heap Initial Capacity: 8M
 Heap Max Capacity: 3042M
 Pre-touch: Disabled
 Parallel Workers: 4
 Concurrent Workers: 1
 Concurrent Refinement Workers: 4
 Periodic GC: Disabled
Heap:
 garbage-first heap   total 182272K, used 107152K [0x0000000741e00000, 0x0000000800000000)
  region size 2048K, 18 young (36864K), 4 survivors (8192K)
 Metaspace       used 11880K, committed 12032K, reserved 1114112K
  class space    used 1127K, committed 1216K, reserved 1048576K
GC Heap History (20 events):
Event: 4.477 GC heap before
{Heap before GC invocations=22 (full 0):
 garbage-first heap   total 102400K, used 62086K [0x0000000741e00000, 0x0000000800000000)
  region size 2048K, 10 young (20480K), 3 survivors (6144K)
 Metaspace       used 9330K, committed 9536K, reserved 1114112K
  class space    used 995K, committed 1088K, reserved 1048576K
}
Event: 4.511 GC heap after
{Heap after GC invocations=23 (full 0):
 garbage-first heap   total 102400K, used 58368K [0x0000000741e00000, 0x0000000800000000)
  region size 2048K, 2 young (4096K), 2 survivors (4096K)
 Metaspace       used 9330K, committed 9536K, reserved 1114112K
  class space    used 995K, committed 1088K, reserved 1048576K
}
Event: 4.898 GC heap before
{Heap before GC invocations=24 (full 0):
 garbage-first heap   total 110592K, used 72704K [0x0000000741e00000, 0x0000000800000000)
  region size 2048K, 8 young (16384K), 2 survivors (4096K)
 Metaspace       used 9532K, committed 9728K, reserved 1114112K
  class space    used 998K, committed 1088K, reserved 1048576K
}
Event: 4.920 GC heap after
{Heap after GC invocations=25 (full 0):
 garbage-first heap   total 110592K, used 63376K [0x0000000741e00000, 0x0000000800000000)
  region size 2048K, 1 young (2048K), 1 survivors (2048K)
 Metaspace       used 9532K, committed 9728K, reserved 1114112K
  class space    used 998K, committed 1088K, reserved 1048576K
}
Event: 5.154 GC heap before
{Heap before GC invocations=25 (full 0):
 garbage-first heap   total 110592K, used 77712K [0x0000000741e00000, 0x0000000800000000)
  region size 2048K, 8 young (16384K), 1 survivors (2048K)
 Metaspace       used 9567K, committed 9728K, reserved 1114112K
  class space    used 999K, committed 1088K, reserved 1048576K
}
Event: 5.171 GC heap after
{Heap after GC invocations=26 (full 0):
 garbage-first heap   total 110592K, used 66706K [0x0000000741e00000, 0x0000000800000000)
  region size 2048K, 1 young (2048K), 1 survivors (2048K)
 Metaspace       used 9567K, committed 9728K, reserved 1114112K
  class space    used 999K, committed 1088K, reserved 1048576K
}
Event: 5.831 GC heap before
{Heap before GC invocations=27 (full 0):
 garbage-first heap   total 116736K, used 81042K [0x0000000741e00000, 0x0000000800000000)
  region size 2048K, 8 young (16384K), 1 survivors (2048K)
 Metaspace       used 9645K, committed 9792K, reserved 1114112K
  class space    used 1002K, committed 1088K, reserved 1048576K
}
Event: 5.851 GC heap after
{Heap after GC invocations=28 (full 0):
 garbage-first heap   total 116736K, used 69985K [0x0000000741e00000, 0x0000000800000000)
  region size 2048K, 1 young (2048K), 1 survivors (2048K)
 Metaspace       used 9645K, committed 9792K, reserved 1114112K
  class space    used 1002K, committed 1088K, reserved 1048576K
}
Event: 8.965 GC heap before
{Heap before GC invocations=28 (full 0):
 garbage-first heap   total 116736K, used 86369K [0x0000000741e00000, 0x0000000800000000)
  region size 2048K, 9 young (18432K), 1 survivors (2048K)
 Metaspace       used 11066K, committed 11264K, reserved 1114112K
  class space    used 1122K, committed 1216K, reserved 1048576K
}
Event: 8.984 GC heap after
{Heap after GC invocations=29 (full 0):
 garbage-first heap   total 182272K, used 71445K [0x0000000741e00000, 0x0000000800000000)
  region size 2048K, 2 young (4096K), 2 survivors (4096K)
 Metaspace       used 11066K, committed 11264K, reserved 1114112K
  class space    used 1122K, committed 1216K, reserved 1048576K
}
Event: 13.498 GC heap before
{Heap before GC invocations=30 (full 0):
 garbage-first heap   total 182272K, used 124693K [0x0000000741e00000, 0x0000000800000000)
  region size 2048K, 27 young (55296K), 2 survivors (4096K)
 Metaspace       used 11562K, committed 11776K, reserved 1114112K
  class space    used 1126K, committed 1216K, reserved 1048576K
}
Event: 13.512 GC heap after
{Heap after GC invocations=31 (full 0):
 garbage-first heap   total 182272K, used 75866K [0x0000000741e00000, 0x0000000800000000)
  region size 2048K, 3 young (6144K), 3 survivors (6144K)
 Metaspace       used 11562K, committed 11776K, reserved 1114112K
  class space    used 1126K, committed 1216K, reserved 1048576K
}
Event: 13.539 GC heap before
{Heap before GC invocations=31 (full 0):
 garbage-first heap   total 182272K, used 77914K [0x0000000741e00000, 0x0000000800000000)
  region size 2048K, 4 young (8192K), 3 survivors (6144K)
 Metaspace       used 11563K, committed 11776K, reserved 1114112K
  class space    used 1126K, committed 1216K, reserved 1048576K
}
Event: 13.557 GC heap after
{Heap after GC invocations=32 (full 0):
 garbage-first heap   total 182272K, used 70533K [0x0000000741e00000, 0x0000000800000000)
  region size 2048K, 1 young (2048K), 1 survivors (2048K)
 Metaspace       used 11563K, committed 11776K, reserved 1114112K
  class space    used 1126K, committed 1216K, reserved 1048576K
}
Event: 15.521 GC heap before
{Heap before GC invocations=32 (full 0):
 garbage-first heap   total 182272K, used 138117K [0x0000000741e00000, 0x0000000800000000)
  region size 2048K, 34 young (69632K), 1 survivors (2048K)
 Metaspace       used 11721K, committed 11904K, reserved 1114112K
  class space    used 1126K, committed 1216K, reserved 1048576K
}
Event: 15.528 GC heap after
{Heap after GC invocations=33 (full 0):
 garbage-first heap   total 182272K, used 73477K [0x0000000741e00000, 0x0000000800000000)
  region size 2048K, 2 young (4096K), 2 survivors (4096K)
 Metaspace       used 11721K, committed 11904K, reserved 1114112K
  class space    used 1126K, committed 1216K, reserved 1048576K
}
Event: 17.493 GC heap before
{Heap before GC invocations=33 (full 0):
 garbage-first heap   total 182272K, used 139013K [0x0000000741e00000, 0x0000000800000000)
  region size 2048K, 34 young (69632K), 2 survivors (4096K)
 Metaspace       used 11788K, committed 11968K, reserved 1114112K
  class space    used 1126K, committed 1216K, reserved 1048576K
}
Event: 17.504 GC heap after
{Heap after GC invocations=34 (full 0):
 garbage-first heap   total 182272K, used 76806K [0x0000000741e00000, 0x0000000800000000)
  region size 2048K, 4 young (8192K), 4 survivors (8192K)
 Metaspace       used 11788K, committed 11968K, reserved 1114112K
  class space    used 1126K, committed 1216K, reserved 1048576K
}
Event: 18.928 GC heap before
{Heap before GC invocations=34 (full 0):
 garbage-first heap   total 182272K, used 142342K [0x0000000741e00000, 0x0000000800000000)
  region size 2048K, 36 young (73728K), 4 survivors (8192K)
 Metaspace       used 11825K, committed 12032K, reserved 1114112K
  class space    used 1126K, committed 1216K, reserved 1048576K
}
Event: 18.944 GC heap after
{Heap after GC invocations=35 (full 0):
 garbage-first heap   total 182272K, used 80528K [0x0000000741e00000, 0x0000000800000000)
  region size 2048K, 4 young (8192K), 4 survivors (8192K)
 Metaspace       used 11825K, committed 12032K, reserved 1114112K
  class space    used 1126K, committed 1216K, reserved 1048576K
}

