# JRE version: OpenJDK Runtime Environment Microsoft-8297089 (17.0.8.1+1) (build 17.0.8.1+1-LTS)
# Java VM: OpenJDK 64-Bit Server VM Microsoft-8297089 (17.0.8.1+1-LTS, mixed mode, sharing, tiered, compressed oops, compressed class ptrs, g1 gc, windows-amd64)
GC Precious Log:
 CPUs: 4 total, 4 available
 Memory: 12163M
 Large Page Support: Disabled
 NUMA Support: Disabled
 Compressed Oops: Enabled (32-bit)
 Heap Region Size: 1M
 Heap Min Capacity: 8M
 Heap Initial Capacity: 192M
 Heap Max Capacity: 1G
 Pre-touch: Disabled
 Parallel Workers: 4
 Concurrent Workers: 1
 Concurrent Refinement Workers: 4
 Periodic GC: Disabled
Heap:
 garbage-first heap   total 339968K, used 177664K [0x00000000c0000000, 0x0000000100000000)
  region size 1024K, 2 young (2048K), 2 survivors (2048K)
 Metaspace       used 10180K, committed 10368K, reserved 1114112K
  class space    used 1182K, committed 1280K, reserved 1048576K
GC Heap History (20 events):
Event: 3.818 GC heap after
{Heap after GC invocations=7 (full 0):
 garbage-first heap   total 196608K, used 69120K [0x00000000c0000000, 0x0000000100000000)
  region size 1024K, 8 young (8192K), 8 survivors (8192K)
 Metaspace       used 7067K, committed 7232K, reserved 1114112K
  class space    used 765K, committed 832K, reserved 1048576K
}
Event: 4.308 GC heap before
{Heap before GC invocations=7 (full 0):
 garbage-first heap   total 196608K, used 130560K [0x00000000c0000000, 0x0000000100000000)
  region size 1024K, 68 young (69632K), 8 survivors (8192K)
 Metaspace       used 7072K, committed 7232K, reserved 1114112K
  class space    used 765K, committed 832K, reserved 1048576K
}
Event: 4.351 GC heap after
{Heap after GC invocations=8 (full 0):
 garbage-first heap   total 196608K, used 83456K [0x00000000c0000000, 0x0000000100000000)
  region size 1024K, 9 young (9216K), 9 survivors (9216K)
 Metaspace       used 7072K, committed 7232K, reserved 1114112K
  class space    used 765K, committed 832K, reserved 1048576K
}
Event: 4.675 GC heap before
{Heap before GC invocations=8 (full 0):
 garbage-first heap   total 196608K, used 110080K [0x00000000c0000000, 0x0000000100000000)
  region size 1024K, 32 young (32768K), 9 survivors (9216K)
 Metaspace       used 7571K, committed 7808K, reserved 1114112K
  class space    used 842K, committed 960K, reserved 1048576K
}
Event: 4.709 GC heap after
{Heap after GC invocations=9 (full 0):
 garbage-first heap   total 196608K, used 92672K [0x00000000c0000000, 0x0000000100000000)
  region size 1024K, 4 young (4096K), 4 survivors (4096K)
 Metaspace       used 7571K, committed 7808K, reserved 1114112K
  class space    used 842K, committed 960K, reserved 1048576K
}
Event: 5.450 GC heap before
{Heap before GC invocations=9 (full 0):
 garbage-first heap   total 196608K, used 142848K [0x00000000c0000000, 0x0000000100000000)
  region size 1024K, 53 young (54272K), 4 survivors (4096K)
 Metaspace       used 8633K, committed 8768K, reserved 1114112K
  class space    used 989K, committed 1088K, reserved 1048576K
}
Event: 5.480 GC heap after
{Heap after GC invocations=10 (full 0):
 garbage-first heap   total 308224K, used 102912K [0x00000000c0000000, 0x0000000100000000)
  region size 1024K, 7 young (7168K), 7 survivors (7168K)
 Metaspace       used 8633K, committed 8768K, reserved 1114112K
  class space    used 989K, committed 1088K, reserved 1048576K
}
Event: 6.764 GC heap before
{Heap before GC invocations=11 (full 0):
 garbage-first heap   total 308224K, used 211456K [0x00000000c0000000, 0x0000000100000000)
  region size 1024K, 113 young (115712K), 7 survivors (7168K)
 Metaspace       used 8628K, committed 8832K, reserved 1114112K
  class space    used 986K, committed 1088K, reserved 1048576K
}
Event: 6.819 GC heap after
{Heap after GC invocations=12 (full 0):
 garbage-first heap   total 308224K, used 124637K [0x00000000c0000000, 0x0000000100000000)
  region size 1024K, 15 young (15360K), 15 survivors (15360K)
 Metaspace       used 8628K, committed 8832K, reserved 1114112K
  class space    used 986K, committed 1088K, reserved 1048576K
}
Event: 6.844 GC heap before
{Heap before GC invocations=12 (full 0):
 garbage-first heap   total 308224K, used 125661K [0x00000000c0000000, 0x0000000100000000)
  region size 1024K, 16 young (16384K), 15 survivors (15360K)
 Metaspace       used 8628K, committed 8832K, reserved 1114112K
  class space    used 986K, committed 1088K, reserved 1048576K
}
Event: 6.877 GC heap after
{Heap after GC invocations=13 (full 0):
 garbage-first heap   total 308224K, used 125952K [0x00000000c0000000, 0x0000000100000000)
  region size 1024K, 2 young (2048K), 2 survivors (2048K)
 Metaspace       used 8628K, committed 8832K, reserved 1114112K
  class space    used 986K, committed 1088K, reserved 1048576K
}
Event: 7.782 GC heap before
{Heap before GC invocations=13 (full 0):
 garbage-first heap   total 308224K, used 218112K [0x00000000c0000000, 0x0000000100000000)
  region size 1024K, 92 young (94208K), 2 survivors (2048K)
 Metaspace       used 10173K, committed 10304K, reserved 1114112K
  class space    used 1182K, committed 1280K, reserved 1048576K
}
Event: 7.809 GC heap after
{Heap after GC invocations=14 (full 0):
 garbage-first heap   total 308224K, used 142336K [0x00000000c0000000, 0x0000000100000000)
  region size 1024K, 12 young (12288K), 12 survivors (12288K)
 Metaspace       used 10173K, committed 10304K, reserved 1114112K
  class space    used 1182K, committed 1280K, reserved 1048576K
}
Event: 8.472 GC heap before
{Heap before GC invocations=14 (full 0):
 garbage-first heap   total 308224K, used 227328K [0x00000000c0000000, 0x0000000100000000)
  region size 1024K, 95 young (97280K), 12 survivors (12288K)
 Metaspace       used 10176K, committed 10368K, reserved 1114112K
  class space    used 1182K, committed 1280K, reserved 1048576K
}
Event: 8.517 GC heap after
{Heap after GC invocations=15 (full 0):
 garbage-first heap   total 308224K, used 159504K [0x00000000c0000000, 0x0000000100000000)
  region size 1024K, 12 young (12288K), 12 survivors (12288K)
 Metaspace       used 10176K, committed 10368K, reserved 1114112K
  class space    used 1182K, committed 1280K, reserved 1048576K
}
Event: 9.024 GC heap before
{Heap before GC invocations=15 (full 0):
 garbage-first heap   total 308224K, used 235280K [0x00000000c0000000, 0x0000000100000000)
  region size 1024K, 86 young (88064K), 12 survivors (12288K)
 Metaspace       used 10177K, committed 10368K, reserved 1114112K
  class space    used 1182K, committed 1280K, reserved 1048576K
}
Event: 9.066 GC heap after
{Heap after GC invocations=16 (full 0):
 garbage-first heap   total 308224K, used 174080K [0x00000000c0000000, 0x0000000100000000)
  region size 1024K, 11 young (11264K), 11 survivors (11264K)
 Metaspace       used 10177K, committed 10368K, reserved 1114112K
  class space    used 1182K, committed 1280K, reserved 1048576K
}
Event: 9.946 GC heap before
{Heap before GC invocations=17 (full 0):
 garbage-first heap   total 339968K, used 240640K [0x00000000c0000000, 0x0000000100000000)
  region size 1024K, 77 young (78848K), 11 survivors (11264K)
 Metaspace       used 10177K, committed 10368K, reserved 1114112K
  class space    used 1182K, committed 1280K, reserved 1048576K
}
Event: 9.982 GC heap after
{Heap after GC invocations=18 (full 0):
 garbage-first heap   total 339968K, used 186880K [0x00000000c0000000, 0x0000000100000000)
  region size 1024K, 10 young (10240K), 10 survivors (10240K)
 Metaspace       used 10177K, committed 10368K, reserved 1114112K
  class space    used 1182K, committed 1280K, reserved 1048576K
}
Event: 10.002 GC heap before
{Heap before GC invocations=18 (full 0):
 garbage-first heap   total 339968K, used 193024K [0x00000000c0000000, 0x0000000100000000)
  region size 1024K, 16 young (16384K), 10 survivors (10240K)
 Metaspace       used 10180K, committed 10368K, reserved 1114112K
  class space    used 1182K, committed 1280K, reserved 1048576K
}

