# JRE version: OpenJDK Runtime Environment Microsoft-8297089 (17.0.8.1+1) (build 17.0.8.1+1-LTS)
# Java VM: OpenJDK 64-Bit Server VM Microsoft-8297089 (17.0.8.1+1-LTS, mixed mode, sharing, tiered, compressed oops, compressed class ptrs, g1 gc, windows-amd64)
GC Precious Log:
 CPUs: 4 total, 4 available
 Memory: 12163M
 Large Page Support: Disabled
 NUMA Support: Disabled
 Compressed Oops: Enabled (32-bit)
 Heap Region Size: 1M
 Heap Min Capacity: 8M
 Heap Initial Capacity: 192M
 Heap Max Capacity: 1G
 Pre-touch: Disabled
 Parallel Workers: 4
 Concurrent Workers: 1
 Concurrent Refinement Workers: 4
 Periodic GC: Disabled
Heap:
 garbage-first heap   total 319488K, used 197632K [0x00000000c0000000, 0x0000000100000000)
  region size 1024K, 9 young (9216K), 9 survivors (9216K)
 Metaspace       used 10179K, committed 10368K, reserved 1114112K
  class space    used 1182K, committed 1280K, reserved 1048576K
GC Heap History (20 events):
Event: 4.369 GC heap after
{Heap after GC invocations=8 (full 0):
 garbage-first heap   total 196608K, used 84992K [0x00000000c0000000, 0x0000000100000000)
  region size 1024K, 9 young (9216K), 9 survivors (9216K)
 Metaspace       used 7069K, committed 7232K, reserved 1114112K
  class space    used 767K, committed 832K, reserved 1048576K
}
Event: 4.691 GC heap before
{Heap before GC invocations=8 (full 0):
 garbage-first heap   total 196608K, used 112640K [0x00000000c0000000, 0x0000000100000000)
  region size 1024K, 33 young (33792K), 9 survivors (9216K)
 Metaspace       used 7069K, committed 7232K, reserved 1114112K
  class space    used 767K, committed 832K, reserved 1048576K
}
Event: 4.725 GC heap after
{Heap after GC invocations=9 (full 0):
 garbage-first heap   total 196608K, used 95232K [0x00000000c0000000, 0x0000000100000000)
  region size 1024K, 5 young (5120K), 5 survivors (5120K)
 Metaspace       used 7069K, committed 7232K, reserved 1114112K
  class space    used 767K, committed 832K, reserved 1048576K
}
Event: 5.888 GC heap before
{Heap before GC invocations=9 (full 0):
 garbage-first heap   total 196608K, used 146432K [0x00000000c0000000, 0x0000000100000000)
  region size 1024K, 55 young (56320K), 5 survivors (5120K)
 Metaspace       used 8623K, committed 8768K, reserved 1114112K
  class space    used 989K, committed 1088K, reserved 1048576K
}
Event: 5.922 GC heap after
{Heap after GC invocations=10 (full 0):
 garbage-first heap   total 310272K, used 105984K [0x00000000c0000000, 0x0000000100000000)
  region size 1024K, 7 young (7168K), 7 survivors (7168K)
 Metaspace       used 8623K, committed 8768K, reserved 1114112K
  class space    used 989K, committed 1088K, reserved 1048576K
}
Event: 7.224 GC heap before
{Heap before GC invocations=11 (full 0):
 garbage-first heap   total 310272K, used 220672K [0x00000000c0000000, 0x0000000100000000)
  region size 1024K, 119 young (121856K), 7 survivors (7168K)
 Metaspace       used 8627K, committed 8768K, reserved 1114112K
  class space    used 987K, committed 1088K, reserved 1048576K
}
Event: 7.292 GC heap after
{Heap after GC invocations=12 (full 0):
 garbage-first heap   total 310272K, used 128827K [0x00000000c0000000, 0x0000000100000000)
  region size 1024K, 15 young (15360K), 15 survivors (15360K)
 Metaspace       used 8627K, committed 8768K, reserved 1114112K
  class space    used 987K, committed 1088K, reserved 1048576K
}
Event: 7.314 GC heap before
{Heap before GC invocations=12 (full 0):
 garbage-first heap   total 310272K, used 129851K [0x00000000c0000000, 0x0000000100000000)
  region size 1024K, 16 young (16384K), 15 survivors (15360K)
 Metaspace       used 8627K, committed 8768K, reserved 1114112K
  class space    used 987K, committed 1088K, reserved 1048576K
}
Event: 7.347 GC heap after
{Heap after GC invocations=13 (full 0):
 garbage-first heap   total 310272K, used 130048K [0x00000000c0000000, 0x0000000100000000)
  region size 1024K, 2 young (2048K), 2 survivors (2048K)
 Metaspace       used 8627K, committed 8768K, reserved 1114112K
  class space    used 987K, committed 1088K, reserved 1048576K
}
Event: 8.249 GC heap before
{Heap before GC invocations=13 (full 0):
 garbage-first heap   total 310272K, used 223232K [0x00000000c0000000, 0x0000000100000000)
  region size 1024K, 94 young (96256K), 2 survivors (2048K)
 Metaspace       used 10168K, committed 10368K, reserved 1114112K
  class space    used 1181K, committed 1280K, reserved 1048576K
}
Event: 8.279 GC heap after
{Heap after GC invocations=14 (full 0):
 garbage-first heap   total 310272K, used 147456K [0x00000000c0000000, 0x0000000100000000)
  region size 1024K, 12 young (12288K), 12 survivors (12288K)
 Metaspace       used 10168K, committed 10368K, reserved 1114112K
  class space    used 1181K, committed 1280K, reserved 1048576K
}
Event: 9.857 GC heap before
{Heap before GC invocations=14 (full 0):
 garbage-first heap   total 310272K, used 233472K [0x00000000c0000000, 0x0000000100000000)
  region size 1024K, 96 young (98304K), 12 survivors (12288K)
 Metaspace       used 10176K, committed 10368K, reserved 1114112K
  class space    used 1182K, committed 1280K, reserved 1048576K
}
Event: 9.906 GC heap after
{Heap after GC invocations=15 (full 0):
 garbage-first heap   total 310272K, used 166316K [0x00000000c0000000, 0x0000000100000000)
  region size 1024K, 12 young (12288K), 12 survivors (12288K)
 Metaspace       used 10176K, committed 10368K, reserved 1114112K
  class space    used 1182K, committed 1280K, reserved 1048576K
}
Event: 11.306 GC heap before
{Heap before GC invocations=15 (full 0):
 garbage-first heap   total 310272K, used 240044K [0x00000000c0000000, 0x0000000100000000)
  region size 1024K, 84 young (86016K), 12 survivors (12288K)
 Metaspace       used 10177K, committed 10368K, reserved 1114112K
  class space    used 1182K, committed 1280K, reserved 1048576K
}
Event: 11.348 GC heap after
{Heap after GC invocations=16 (full 0):
 garbage-first heap   total 310272K, used 181248K [0x00000000c0000000, 0x0000000100000000)
  region size 1024K, 11 young (11264K), 11 survivors (11264K)
 Metaspace       used 10177K, committed 10368K, reserved 1114112K
  class space    used 1182K, committed 1280K, reserved 1048576K
}
Event: 12.718 GC heap before
{Heap before GC invocations=17 (full 0):
 garbage-first heap   total 319488K, used 244736K [0x00000000c0000000, 0x0000000100000000)
  region size 1024K, 74 young (75776K), 11 survivors (11264K)
 Metaspace       used 10179K, committed 10368K, reserved 1114112K
  class space    used 1182K, committed 1280K, reserved 1048576K
}
Event: 12.755 GC heap after
{Heap after GC invocations=18 (full 0):
 garbage-first heap   total 319488K, used 194048K [0x00000000c0000000, 0x0000000100000000)
  region size 1024K, 10 young (10240K), 10 survivors (10240K)
 Metaspace       used 10179K, committed 10368K, reserved 1114112K
  class space    used 1182K, committed 1280K, reserved 1048576K
}
Event: 12.779 GC heap before
{Heap before GC invocations=18 (full 0):
 garbage-first heap   total 319488K, used 199168K [0x00000000c0000000, 0x0000000100000000)
  region size 1024K, 15 young (15360K), 10 survivors (10240K)
 Metaspace       used 10179K, committed 10368K, reserved 1114112K
  class space    used 1182K, committed 1280K, reserved 1048576K
}
Event: 12.805 GC heap after
{Heap after GC invocations=19 (full 0):
 garbage-first heap   total 319488K, used 183808K [0x00000000c0000000, 0x0000000100000000)
  region size 1024K, 2 young (2048K), 2 survivors (2048K)
 Metaspace       used 10179K, committed 10368K, reserved 1114112K
  class space    used 1182K, committed 1280K, reserved 1048576K
}
Event: 13.642 GC heap before
{Heap before GC invocations=19 (full 0):
 garbage-first heap   total 319488K, used 251392K [0x00000000c0000000, 0x0000000100000000)
  region size 1024K, 68 young (69632K), 2 survivors (2048K)
 Metaspace       used 10179K, committed 10368K, reserved 1114112K
  class space    used 1182K, committed 1280K, reserved 1048576K
}

