# JRE version: OpenJDK Runtime Environment Microsoft-8297089 (17.0.8.1+1) (build 17.0.8.1+1-LTS)
# Java VM: OpenJDK 64-Bit Server VM Microsoft-8297089 (17.0.8.1+1-LTS, mixed mode, sharing, tiered, compressed oops, compressed class ptrs, g1 gc, windows-amd64)
GC Precious Log:
 CPUs: 4 total, 4 available
 Memory: 12163M
 Large Page Support: Disabled
 NUMA Support: Disabled
 Compressed Oops: Enabled (32-bit)
 Heap Region Size: 1M
 Heap Min Capacity: 8M
 Heap Initial Capacity: 192M
 Heap Max Capacity: 1G
 Pre-touch: Disabled
 Parallel Workers: 4
 Concurrent Workers: 1
 Concurrent Refinement Workers: 4
 Periodic GC: Disabled
Heap:
 garbage-first heap   total 370688K, used 195072K [0x00000000c0000000, 0x0000000100000000)
  region size 1024K, 11 young (11264K), 8 survivors (8192K)
 Metaspace       used 10677K, committed 10880K, reserved 1114112K
  class space    used 1252K, committed 1344K, reserved 1048576K
GC Heap History (20 events):
Event: 27.780 GC heap before
{Heap before GC invocations=14 (full 0):
 garbage-first heap   total 196608K, used 153317K [0x00000000c0000000, 0x0000000100000000)
  region size 1024K, 41 young (41984K), 2 survivors (2048K)
 Metaspace       used 8701K, committed 8896K, reserved 1114112K
  class space    used 983K, committed 1088K, reserved 1048576K
}
Event: 27.795 GC heap after
{Heap after GC invocations=15 (full 0):
 garbage-first heap   total 196608K, used 120832K [0x00000000c0000000, 0x0000000100000000)
  region size 1024K, 6 young (6144K), 6 survivors (6144K)
 Metaspace       used 8701K, committed 8896K, reserved 1114112K
  class space    used 983K, committed 1088K, reserved 1048576K
}
Event: 28.206 GC heap before
{Heap before GC invocations=15 (full 0):
 garbage-first heap   total 249856K, used 156672K [0x00000000c0000000, 0x0000000100000000)
  region size 1024K, 41 young (41984K), 6 survivors (6144K)
 Metaspace       used 8701K, committed 8896K, reserved 1114112K
  class space    used 983K, committed 1088K, reserved 1048576K
}
Event: 28.227 GC heap after
{Heap after GC invocations=16 (full 0):
 garbage-first heap   total 249856K, used 128553K [0x00000000c0000000, 0x0000000100000000)
  region size 1024K, 6 young (6144K), 6 survivors (6144K)
 Metaspace       used 8701K, committed 8896K, reserved 1114112K
  class space    used 983K, committed 1088K, reserved 1048576K
}
Event: 29.958 GC heap before
{Heap before GC invocations=17 (full 0):
 garbage-first heap   total 249856K, used 192041K [0x00000000c0000000, 0x0000000100000000)
  region size 1024K, 69 young (70656K), 6 survivors (6144K)
 Metaspace       used 10304K, committed 10432K, reserved 1114112K
  class space    used 1180K, committed 1280K, reserved 1048576K
}
Event: 29.985 GC heap after
{Heap after GC invocations=18 (full 0):
 garbage-first heap   total 249856K, used 141629K [0x00000000c0000000, 0x0000000100000000)
  region size 1024K, 9 young (9216K), 9 survivors (9216K)
 Metaspace       used 10304K, committed 10432K, reserved 1114112K
  class space    used 1180K, committed 1280K, reserved 1048576K
}
Event: 30.004 GC heap before
{Heap before GC invocations=18 (full 0):
 garbage-first heap   total 249856K, used 144701K [0x00000000c0000000, 0x0000000100000000)
  region size 1024K, 12 young (12288K), 9 survivors (9216K)
 Metaspace       used 10304K, committed 10432K, reserved 1114112K
  class space    used 1180K, committed 1280K, reserved 1048576K
}
Event: 30.027 GC heap after
{Heap after GC invocations=19 (full 0):
 garbage-first heap   total 249856K, used 141730K [0x00000000c0000000, 0x0000000100000000)
  region size 1024K, 2 young (2048K), 2 survivors (2048K)
 Metaspace       used 10304K, committed 10432K, reserved 1114112K
  class space    used 1180K, committed 1280K, reserved 1048576K
}
Event: 30.505 GC heap before
{Heap before GC invocations=19 (full 0):
 garbage-first heap   total 249856K, used 197026K [0x00000000c0000000, 0x0000000100000000)
  region size 1024K, 56 young (57344K), 2 survivors (2048K)
 Metaspace       used 10305K, committed 10496K, reserved 1114112K
  class space    used 1180K, committed 1280K, reserved 1048576K
}
Event: 30.526 GC heap after
{Heap after GC invocations=20 (full 0):
 garbage-first heap   total 249856K, used 153600K [0x00000000c0000000, 0x0000000100000000)
  region size 1024K, 7 young (7168K), 7 survivors (7168K)
 Metaspace       used 10305K, committed 10496K, reserved 1114112K
  class space    used 1180K, committed 1280K, reserved 1048576K
}
Event: 31.356 GC heap before
{Heap before GC invocations=21 (full 0):
 garbage-first heap   total 295936K, used 199680K [0x00000000c0000000, 0x0000000100000000)
  region size 1024K, 53 young (54272K), 7 survivors (7168K)
 Metaspace       used 10306K, committed 10496K, reserved 1114112K
  class space    used 1180K, committed 1280K, reserved 1048576K
}
Event: 31.386 GC heap after
{Heap after GC invocations=22 (full 0):
 garbage-first heap   total 295936K, used 161770K [0x00000000c0000000, 0x0000000100000000)
  region size 1024K, 7 young (7168K), 7 survivors (7168K)
 Metaspace       used 10306K, committed 10496K, reserved 1114112K
  class space    used 1180K, committed 1280K, reserved 1048576K
}
Event: 31.411 GC heap before
{Heap before GC invocations=22 (full 0):
 garbage-first heap   total 295936K, used 168938K [0x00000000c0000000, 0x0000000100000000)
  region size 1024K, 14 young (14336K), 7 survivors (7168K)
 Metaspace       used 10306K, committed 10496K, reserved 1114112K
  class space    used 1180K, committed 1280K, reserved 1048576K
}
Event: 31.439 GC heap after
{Heap after GC invocations=23 (full 0):
 garbage-first heap   total 295936K, used 157151K [0x00000000c0000000, 0x0000000100000000)
  region size 1024K, 2 young (2048K), 2 survivors (2048K)
 Metaspace       used 10306K, committed 10496K, reserved 1114112K
  class space    used 1180K, committed 1280K, reserved 1048576K
}
Event: 31.828 GC heap before
{Heap before GC invocations=23 (full 0):
 garbage-first heap   total 295936K, used 229855K [0x00000000c0000000, 0x0000000100000000)
  region size 1024K, 73 young (74752K), 2 survivors (2048K)
 Metaspace       used 10307K, committed 10496K, reserved 1114112K
  class space    used 1180K, committed 1280K, reserved 1048576K
}
Event: 31.852 GC heap after
{Heap after GC invocations=24 (full 0):
 garbage-first heap   total 295936K, used 171520K [0x00000000c0000000, 0x0000000100000000)
  region size 1024K, 10 young (10240K), 10 survivors (10240K)
 Metaspace       used 10307K, committed 10496K, reserved 1114112K
  class space    used 1180K, committed 1280K, reserved 1048576K
}
Event: 32.156 GC heap before
{Heap before GC invocations=24 (full 0):
 garbage-first heap   total 295936K, used 235008K [0x00000000c0000000, 0x0000000100000000)
  region size 1024K, 72 young (73728K), 10 survivors (10240K)
 Metaspace       used 10309K, committed 10496K, reserved 1114112K
  class space    used 1180K, committed 1280K, reserved 1048576K
}
Event: 32.195 GC heap after
{Heap after GC invocations=25 (full 0):
 garbage-first heap   total 295936K, used 183941K [0x00000000c0000000, 0x0000000100000000)
  region size 1024K, 9 young (9216K), 9 survivors (9216K)
 Metaspace       used 10309K, committed 10496K, reserved 1114112K
  class space    used 1180K, committed 1280K, reserved 1048576K
}
Event: 32.934 GC heap before
{Heap before GC invocations=26 (full 0):
 garbage-first heap   total 370688K, used 239237K [0x00000000c0000000, 0x0000000100000000)
  region size 1024K, 63 young (64512K), 9 survivors (9216K)
 Metaspace       used 10309K, committed 10496K, reserved 1114112K
  class space    used 1180K, committed 1280K, reserved 1048576K
}
Event: 32.970 GC heap after
{Heap after GC invocations=27 (full 0):
 garbage-first heap   total 370688K, used 194048K [0x00000000c0000000, 0x0000000100000000)
  region size 1024K, 8 young (8192K), 8 survivors (8192K)
 Metaspace       used 10309K, committed 10496K, reserved 1114112K
  class space    used 1180K, committed 1280K, reserved 1048576K
}

