# JRE version: OpenJDK Runtime Environment Microsoft-8297089 (17.0.8.1+1) (build 17.0.8.1+1-LTS)
# Java VM: OpenJDK 64-Bit Server VM Microsoft-8297089 (17.0.8.1+1-LTS, mixed mode, sharing, tiered, compressed oops, compressed class ptrs, g1 gc, windows-amd64)
GC Precious Log:
 CPUs: 4 total, 4 available
 Memory: 12163M
 Large Page Support: Disabled
 NUMA Support: Disabled
 Compressed Oops: Enabled (Zero based)
 Heap Region Size: 2M
 Heap Min Capacity: 8M
 Heap Initial Capacity: 8M
 Heap Max Capacity: 3042M
 Pre-touch: Disabled
 Parallel Workers: 4
 Concurrent Workers: 1
 Concurrent Refinement Workers: 4
 Periodic GC: Disabled
Heap:
 garbage-first heap   total 131072K, used 61581K [0x0000000741e00000, 0x0000000800000000)
  region size 2048K, 1 young (2048K), 1 survivors (2048K)
 Metaspace       used 11495K, committed 11648K, reserved 1114112K
  class space    used 1124K, committed 1216K, reserved 1048576K
GC Heap History (20 events):
Event: 6.118 GC heap after
{Heap after GC invocations=23 (full 0):
 garbage-first heap   total 65536K, used 31915K [0x0000000741e00000, 0x0000000800000000)
  region size 2048K, 2 young (4096K), 2 survivors (4096K)
 Metaspace       used 8519K, committed 8704K, reserved 1114112K
  class space    used 934K, committed 1024K, reserved 1048576K
}
Event: 7.505 GC heap before
{Heap before GC invocations=23 (full 0):
 garbage-first heap   total 65536K, used 44203K [0x0000000741e00000, 0x0000000800000000)
  region size 2048K, 8 young (16384K), 2 survivors (4096K)
 Metaspace       used 8773K, committed 8960K, reserved 1114112K
  class space    used 954K, committed 1024K, reserved 1048576K
}
Event: 7.514 GC heap after
{Heap after GC invocations=24 (full 0):
 garbage-first heap   total 100352K, used 35113K [0x0000000741e00000, 0x0000000800000000)
  region size 2048K, 1 young (2048K), 1 survivors (2048K)
 Metaspace       used 8773K, committed 8960K, reserved 1114112K
  class space    used 954K, committed 1024K, reserved 1048576K
}
Event: 8.197 GC heap before
{Heap before GC invocations=24 (full 0):
 garbage-first heap   total 100352K, used 67881K [0x0000000741e00000, 0x0000000800000000)
  region size 2048K, 17 young (34816K), 1 survivors (2048K)
 Metaspace       used 9304K, committed 9472K, reserved 1114112K
  class space    used 994K, committed 1088K, reserved 1048576K
}
Event: 8.254 GC heap after
{Heap after GC invocations=25 (full 0):
 garbage-first heap   total 100352K, used 56553K [0x0000000741e00000, 0x0000000800000000)
  region size 2048K, 3 young (6144K), 3 survivors (6144K)
 Metaspace       used 9304K, committed 9472K, reserved 1114112K
  class space    used 994K, committed 1088K, reserved 1048576K
}
Event: 8.361 GC heap before
{Heap before GC invocations=25 (full 0):
 garbage-first heap   total 100352K, used 58601K [0x0000000741e00000, 0x0000000800000000)
  region size 2048K, 5 young (10240K), 3 survivors (6144K)
 Metaspace       used 9369K, committed 9536K, reserved 1114112K
  class space    used 994K, committed 1088K, reserved 1048576K
}
Event: 8.390 GC heap after
{Heap after GC invocations=26 (full 0):
 garbage-first heap   total 100352K, used 58895K [0x0000000741e00000, 0x0000000800000000)
  region size 2048K, 1 young (2048K), 1 survivors (2048K)
 Metaspace       used 9369K, committed 9536K, reserved 1114112K
  class space    used 994K, committed 1088K, reserved 1048576K
}
Event: 8.940 GC heap before
{Heap before GC invocations=27 (full 0):
 garbage-first heap   total 110592K, used 75279K [0x0000000741e00000, 0x0000000800000000)
  region size 2048K, 8 young (16384K), 1 survivors (2048K)
 Metaspace       used 9561K, committed 9728K, reserved 1114112K
  class space    used 997K, committed 1088K, reserved 1048576K
}
Event: 8.953 GC heap after
{Heap after GC invocations=28 (full 0):
 garbage-first heap   total 110592K, used 64268K [0x0000000741e00000, 0x0000000800000000)
  region size 2048K, 1 young (2048K), 1 survivors (2048K)
 Metaspace       used 9561K, committed 9728K, reserved 1114112K
  class space    used 997K, committed 1088K, reserved 1048576K
}
Event: 9.406 GC heap before
{Heap before GC invocations=28 (full 0):
 garbage-first heap   total 110592K, used 80652K [0x0000000741e00000, 0x0000000800000000)
  region size 2048K, 9 young (18432K), 1 survivors (2048K)
 Metaspace       used 9619K, committed 9792K, reserved 1114112K
  class space    used 998K, committed 1088K, reserved 1048576K
}
Event: 9.427 GC heap after
{Heap after GC invocations=29 (full 0):
 garbage-first heap   total 110592K, used 67928K [0x0000000741e00000, 0x0000000800000000)
  region size 2048K, 2 young (4096K), 2 survivors (4096K)
 Metaspace       used 9619K, committed 9792K, reserved 1114112K
  class space    used 998K, committed 1088K, reserved 1048576K
}
Event: 10.042 GC heap before
{Heap before GC invocations=30 (full 0):
 garbage-first heap   total 122880K, used 82264K [0x0000000741e00000, 0x0000000800000000)
  region size 2048K, 9 young (18432K), 2 survivors (4096K)
 Metaspace       used 10269K, committed 10432K, reserved 1114112K
  class space    used 1072K, committed 1152K, reserved 1048576K
}
Event: 10.070 GC heap after
{Heap after GC invocations=31 (full 0):
 garbage-first heap   total 122880K, used 71214K [0x0000000741e00000, 0x0000000800000000)
  region size 2048K, 2 young (4096K), 2 survivors (4096K)
 Metaspace       used 10269K, committed 10432K, reserved 1114112K
  class space    used 1072K, committed 1152K, reserved 1048576K
}
Event: 12.928 GC heap before
{Heap before GC invocations=31 (full 0):
 garbage-first heap   total 122880K, used 91694K [0x0000000741e00000, 0x0000000800000000)
  region size 2048K, 12 young (24576K), 2 survivors (4096K)
 Metaspace       used 11207K, committed 11392K, reserved 1114112K
  class space    used 1122K, committed 1216K, reserved 1048576K
}
Event: 12.947 GC heap after
{Heap after GC invocations=32 (full 0):
 garbage-first heap   total 122880K, used 72446K [0x0000000741e00000, 0x0000000800000000)
  region size 2048K, 1 young (2048K), 1 survivors (2048K)
 Metaspace       used 11207K, committed 11392K, reserved 1114112K
  class space    used 1122K, committed 1216K, reserved 1048576K
}
Event: 14.115 GC heap before
{Heap before GC invocations=33 (full 0):
 garbage-first heap   total 131072K, used 97022K [0x0000000741e00000, 0x0000000800000000)
  region size 2048K, 11 young (22528K), 1 survivors (2048K)
 Metaspace       used 11435K, committed 11584K, reserved 1114112K
  class space    used 1124K, committed 1216K, reserved 1048576K
}
Event: 14.122 GC heap after
{Heap after GC invocations=34 (full 0):
 garbage-first heap   total 131072K, used 75040K [0x0000000741e00000, 0x0000000800000000)
  region size 2048K, 1 young (2048K), 1 survivors (2048K)
 Metaspace       used 11435K, committed 11584K, reserved 1114112K
  class space    used 1124K, committed 1216K, reserved 1048576K
}
Event: 14.439 GC heap before
{Heap before GC invocations=34 (full 0):
 garbage-first heap   total 131072K, used 79136K [0x0000000741e00000, 0x0000000800000000)
  region size 2048K, 3 young (6144K), 1 survivors (2048K)
 Metaspace       used 11487K, committed 11648K, reserved 1114112K
  class space    used 1124K, committed 1216K, reserved 1048576K
}
Event: 14.458 GC heap after
{Heap after GC invocations=35 (full 0):
 garbage-first heap   total 131072K, used 63943K [0x0000000741e00000, 0x0000000800000000)
  region size 2048K, 1 young (2048K), 1 survivors (2048K)
 Metaspace       used 11487K, committed 11648K, reserved 1114112K
  class space    used 1124K, committed 1216K, reserved 1048576K
}
Event: 14.707 GC heap before
{Heap before GC invocations=35 (full 0):
 garbage-first heap   total 131072K, used 68039K [0x0000000741e00000, 0x0000000800000000)
  region size 2048K, 3 young (6144K), 1 survivors (2048K)
 Metaspace       used 11495K, committed 11648K, reserved 1114112K
  class space    used 1124K, committed 1216K, reserved 1048576K
}

