# JRE version: OpenJDK Runtime Environment Microsoft-8297089 (17.0.8.1+1) (build 17.0.8.1+1-LTS)
# Java VM: OpenJDK 64-Bit Server VM Microsoft-8297089 (17.0.8.1+1-LTS, mixed mode, sharing, tiered, compressed oops, compressed class ptrs, g1 gc, windows-amd64)
GC Precious Log:
 CPUs: 4 total, 4 available
 Memory: 12163M
 Large Page Support: Disabled
 NUMA Support: Disabled
 Compressed Oops: Enabled (32-bit)
 Heap Region Size: 1M
 Heap Min Capacity: 8M
 Heap Initial Capacity: 192M
 Heap Max Capacity: 1G
 Pre-touch: Disabled
 Parallel Workers: 4
 Concurrent Workers: 1
 Concurrent Refinement Workers: 4
 Periodic GC: Disabled
Heap:
 garbage-first heap   total 371712K, used 277504K [0x00000000c0000000, 0x0000000100000000)
  region size 1024K, 78 young (79872K), 13 survivors (13312K)
 Metaspace       used 10636K, committed 10816K, reserved 1114112K
  class space    used 1249K, committed 1344K, reserved 1048576K
GC Heap History (20 events):
Event: 2.898 GC heap before
{Heap before GC invocations=5 (full 0):
 garbage-first heap   total 196608K, used 105897K [0x00000000c0000000, 0x0000000100000000)
  region size 1024K, 79 young (80896K), 9 survivors (9216K)
 Metaspace       used 7025K, committed 7168K, reserved 1114112K
  class space    used 763K, committed 832K, reserved 1048576K
}
Event: 2.933 GC heap after
{Heap after GC invocations=6 (full 0):
 garbage-first heap   total 196608K, used 51200K [0x00000000c0000000, 0x0000000100000000)
  region size 1024K, 10 young (10240K), 10 survivors (10240K)
 Metaspace       used 7025K, committed 7168K, reserved 1114112K
  class space    used 763K, committed 832K, reserved 1048576K
}
Event: 3.297 GC heap before
{Heap before GC invocations=6 (full 0):
 garbage-first heap   total 196608K, used 93184K [0x00000000c0000000, 0x0000000100000000)
  region size 1024K, 51 young (52224K), 10 survivors (10240K)
 Metaspace       used 7049K, committed 7168K, reserved 1114112K
  class space    used 765K, committed 832K, reserved 1048576K
}
Event: 3.335 GC heap after
{Heap after GC invocations=7 (full 0):
 garbage-first heap   total 235520K, used 60416K [0x00000000c0000000, 0x0000000100000000)
  region size 1024K, 7 young (7168K), 7 survivors (7168K)
 Metaspace       used 7049K, committed 7168K, reserved 1114112K
  class space    used 765K, committed 832K, reserved 1048576K
}
Event: 3.936 GC heap before
{Heap before GC invocations=7 (full 0):
 garbage-first heap   total 235520K, used 138240K [0x00000000c0000000, 0x0000000100000000)
  region size 1024K, 83 young (84992K), 7 survivors (7168K)
 Metaspace       used 7065K, committed 7232K, reserved 1114112K
  class space    used 765K, committed 832K, reserved 1048576K
}
Event: 3.988 GC heap after
{Heap after GC invocations=8 (full 0):
 garbage-first heap   total 235520K, used 78336K [0x00000000c0000000, 0x0000000100000000)
  region size 1024K, 11 young (11264K), 11 survivors (11264K)
 Metaspace       used 7065K, committed 7232K, reserved 1114112K
  class space    used 765K, committed 832K, reserved 1048576K
}
Event: 4.303 GC heap before
{Heap before GC invocations=8 (full 0):
 garbage-first heap   total 235520K, used 129536K [0x00000000c0000000, 0x0000000100000000)
  region size 1024K, 58 young (59392K), 11 survivors (11264K)
 Metaspace       used 7067K, committed 7232K, reserved 1114112K
  class space    used 765K, committed 832K, reserved 1048576K
}
Event: 4.375 GC heap after
{Heap after GC invocations=9 (full 0):
 garbage-first heap   total 235520K, used 92672K [0x00000000c0000000, 0x0000000100000000)
  region size 1024K, 8 young (8192K), 8 survivors (8192K)
 Metaspace       used 7067K, committed 7232K, reserved 1114112K
  class space    used 765K, committed 832K, reserved 1048576K
}
Event: 5.549 GC heap before
{Heap before GC invocations=9 (full 0):
 garbage-first heap   total 235520K, used 166400K [0x00000000c0000000, 0x0000000100000000)
  region size 1024K, 80 young (81920K), 8 survivors (8192K)
 Metaspace       used 8634K, committed 8768K, reserved 1114112K
  class space    used 987K, committed 1088K, reserved 1048576K
}
Event: 5.592 GC heap after
{Heap after GC invocations=10 (full 0):
 garbage-first heap   total 235520K, used 107520K [0x00000000c0000000, 0x0000000100000000)
  region size 1024K, 10 young (10240K), 10 survivors (10240K)
 Metaspace       used 8634K, committed 8768K, reserved 1114112K
  class space    used 987K, committed 1088K, reserved 1048576K
}
Event: 5.886 GC heap before
{Heap before GC invocations=10 (full 0):
 garbage-first heap   total 235520K, used 174080K [0x00000000c0000000, 0x0000000100000000)
  region size 1024K, 75 young (76800K), 10 survivors (10240K)
 Metaspace       used 8636K, committed 8832K, reserved 1114112K
  class space    used 987K, committed 1088K, reserved 1048576K
}
Event: 5.928 GC heap after
{Heap after GC invocations=11 (full 0):
 garbage-first heap   total 371712K, used 120832K [0x00000000c0000000, 0x0000000100000000)
  region size 1024K, 10 young (10240K), 10 survivors (10240K)
 Metaspace       used 8636K, committed 8832K, reserved 1114112K
  class space    used 987K, committed 1088K, reserved 1048576K
}
Event: 7.019 GC heap before
{Heap before GC invocations=11 (full 0):
 garbage-first heap   total 371712K, used 247808K [0x00000000c0000000, 0x0000000100000000)
  region size 1024K, 134 young (137216K), 10 survivors (10240K)
 Metaspace       used 10247K, committed 10432K, reserved 1114112K
  class space    used 1181K, committed 1280K, reserved 1048576K
}
Event: 7.070 GC heap after
{Heap after GC invocations=12 (full 0):
 garbage-first heap   total 371712K, used 146432K [0x00000000c0000000, 0x0000000100000000)
  region size 1024K, 17 young (17408K), 17 survivors (17408K)
 Metaspace       used 10247K, committed 10432K, reserved 1114112K
  class space    used 1181K, committed 1280K, reserved 1048576K
}
Event: 7.630 GC heap before
{Heap before GC invocations=12 (full 0):
 garbage-first heap   total 371712K, used 260096K [0x00000000c0000000, 0x0000000100000000)
  region size 1024K, 128 young (131072K), 17 survivors (17408K)
 Metaspace       used 10250K, committed 10496K, reserved 1114112K
  class space    used 1181K, committed 1280K, reserved 1048576K
}
Event: 7.692 GC heap after
{Heap after GC invocations=13 (full 0):
 garbage-first heap   total 371712K, used 171008K [0x00000000c0000000, 0x0000000100000000)
  region size 1024K, 16 young (16384K), 16 survivors (16384K)
 Metaspace       used 10250K, committed 10496K, reserved 1114112K
  class space    used 1181K, committed 1280K, reserved 1048576K
}
Event: 8.086 GC heap before
{Heap before GC invocations=13 (full 0):
 garbage-first heap   total 371712K, used 273408K [0x00000000c0000000, 0x0000000100000000)
  region size 1024K, 116 young (118784K), 16 survivors (16384K)
 Metaspace       used 10251K, committed 10496K, reserved 1114112K
  class space    used 1181K, committed 1280K, reserved 1048576K
}
Event: 8.143 GC heap after
{Heap after GC invocations=14 (full 0):
 garbage-first heap   total 371712K, used 193024K [0x00000000c0000000, 0x0000000100000000)
  region size 1024K, 15 young (15360K), 15 survivors (15360K)
 Metaspace       used 10251K, committed 10496K, reserved 1114112K
  class space    used 1181K, committed 1280K, reserved 1048576K
}
Event: 8.464 GC heap before
{Heap before GC invocations=14 (full 0):
 garbage-first heap   total 371712K, used 284160K [0x00000000c0000000, 0x0000000100000000)
  region size 1024K, 104 young (106496K), 15 survivors (15360K)
 Metaspace       used 10254K, committed 10496K, reserved 1114112K
  class space    used 1181K, committed 1280K, reserved 1048576K
}
Event: 8.513 GC heap after
{Heap after GC invocations=15 (full 0):
 garbage-first heap   total 371712K, used 212992K [0x00000000c0000000, 0x0000000100000000)
  region size 1024K, 13 young (13312K), 13 survivors (13312K)
 Metaspace       used 10254K, committed 10496K, reserved 1114112K
  class space    used 1181K, committed 1280K, reserved 1048576K
}

