# JRE version: OpenJDK Runtime Environment Microsoft-8297089 (17.0.8.1+1) (build 17.0.8.1+1-LTS)
# Java VM: OpenJDK 64-Bit Server VM Microsoft-8297089 (17.0.8.1+1-LTS, mixed mode, sharing, tiered, compressed oops, compressed class ptrs, g1 gc, windows-amd64)
GC Precious Log:
 CPUs: 4 total, 4 available
 Memory: 12163M
 Large Page Support: Disabled
 NUMA Support: Disabled
 Compressed Oops: Enabled (32-bit)
 Heap Region Size: 1M
 Heap Min Capacity: 8M
 Heap Initial Capacity: 192M
 Heap Max Capacity: 1G
 Pre-touch: Disabled
 Parallel Workers: 4
 Concurrent Workers: 1
 Concurrent Refinement Workers: 4
 Periodic GC: Disabled
Heap:
 garbage-first heap   total 432128K, used 211287K [0x00000000c0000000, 0x0000000100000000)
  region size 1024K, 3 young (3072K), 3 survivors (3072K)
 Metaspace       used 16729K, committed 16896K, reserved 1114112K
  class space    used 2002K, committed 2048K, reserved 1048576K
GC Heap History (20 events):
Event: 3.915 GC heap after
{Heap after GC invocations=9 (full 0):
 garbage-first heap   total 326656K, used 94208K [0x00000000c0000000, 0x0000000100000000)
  region size 1024K, 5 young (5120K), 5 survivors (5120K)
 Metaspace       used 7066K, committed 7232K, reserved 1114112K
  class space    used 765K, committed 832K, reserved 1048576K
}
Event: 5.003 GC heap before
{Heap before GC invocations=9 (full 0):
 garbage-first heap   total 326656K, used 212992K [0x00000000c0000000, 0x0000000100000000)
  region size 1024K, 122 young (124928K), 5 survivors (5120K)
 Metaspace       used 8631K, committed 8832K, reserved 1114112K
  class space    used 985K, committed 1088K, reserved 1048576K
}
Event: 5.061 GC heap after
{Heap after GC invocations=10 (full 0):
 garbage-first heap   total 326656K, used 117760K [0x00000000c0000000, 0x0000000100000000)
  region size 1024K, 16 young (16384K), 16 survivors (16384K)
 Metaspace       used 8631K, committed 8832K, reserved 1114112K
  class space    used 985K, committed 1088K, reserved 1048576K
}
Event: 5.380 GC heap before
{Heap before GC invocations=10 (full 0):
 garbage-first heap   total 326656K, used 183296K [0x00000000c0000000, 0x0000000100000000)
  region size 1024K, 80 young (81920K), 16 survivors (16384K)
 Metaspace       used 8633K, committed 8832K, reserved 1114112K
  class space    used 985K, committed 1088K, reserved 1048576K
}
Event: 5.437 GC heap after
{Heap after GC invocations=11 (full 0):
 garbage-first heap   total 326656K, used 131584K [0x00000000c0000000, 0x0000000100000000)
  region size 1024K, 10 young (10240K), 10 survivors (10240K)
 Metaspace       used 8633K, committed 8832K, reserved 1114112K
  class space    used 985K, committed 1088K, reserved 1048576K
}
Event: 6.059 GC heap before
{Heap before GC invocations=11 (full 0):
 garbage-first heap   total 326656K, used 233984K [0x00000000c0000000, 0x0000000100000000)
  region size 1024K, 110 young (112640K), 10 survivors (10240K)
 Metaspace       used 10250K, committed 10496K, reserved 1114112K
  class space    used 1181K, committed 1280K, reserved 1048576K
}
Event: 6.113 GC heap after
{Heap after GC invocations=12 (full 0):
 garbage-first heap   total 326656K, used 152064K [0x00000000c0000000, 0x0000000100000000)
  region size 1024K, 14 young (14336K), 14 survivors (14336K)
 Metaspace       used 10250K, committed 10496K, reserved 1114112K
  class space    used 1181K, committed 1280K, reserved 1048576K
}
Event: 6.488 GC heap before
{Heap before GC invocations=12 (full 0):
 garbage-first heap   total 326656K, used 244224K [0x00000000c0000000, 0x0000000100000000)
  region size 1024K, 104 young (106496K), 14 survivors (14336K)
 Metaspace       used 10251K, committed 10496K, reserved 1114112K
  class space    used 1182K, committed 1280K, reserved 1048576K
}
Event: 6.542 GC heap after
{Heap after GC invocations=13 (full 0):
 garbage-first heap   total 417792K, used 172544K [0x00000000c0000000, 0x0000000100000000)
  region size 1024K, 13 young (13312K), 13 survivors (13312K)
 Metaspace       used 10251K, committed 10496K, reserved 1114112K
  class space    used 1182K, committed 1280K, reserved 1048576K
}
Event: 7.056 GC heap before
{Heap before GC invocations=13 (full 0):
 garbage-first heap   total 417792K, used 303616K [0x00000000c0000000, 0x0000000100000000)
  region size 1024K, 141 young (144384K), 13 survivors (13312K)
 Metaspace       used 10254K, committed 10496K, reserved 1114112K
  class space    used 1182K, committed 1280K, reserved 1048576K
}
Event: 7.115 GC heap after
{Heap after GC invocations=14 (full 0):
 garbage-first heap   total 417792K, used 199168K [0x00000000c0000000, 0x0000000100000000)
  region size 1024K, 18 young (18432K), 18 survivors (18432K)
 Metaspace       used 10254K, committed 10496K, reserved 1114112K
  class space    used 1182K, committed 1280K, reserved 1048576K
}
Event: 7.489 GC heap before
{Heap before GC invocations=14 (full 0):
 garbage-first heap   total 417792K, used 316928K [0x00000000c0000000, 0x0000000100000000)
  region size 1024K, 133 young (136192K), 18 survivors (18432K)
 Metaspace       used 10255K, committed 10496K, reserved 1114112K
  class space    used 1182K, committed 1280K, reserved 1048576K
}
Event: 7.556 GC heap after
{Heap after GC invocations=15 (full 0):
 garbage-first heap   total 417792K, used 223744K [0x00000000c0000000, 0x0000000100000000)
  region size 1024K, 17 young (17408K), 17 survivors (17408K)
 Metaspace       used 10255K, committed 10496K, reserved 1114112K
  class space    used 1182K, committed 1280K, reserved 1048576K
}
Event: 9.779 GC heap before
{Heap before GC invocations=15 (full 0):
 garbage-first heap   total 417792K, used 325120K [0x00000000c0000000, 0x0000000100000000)
  region size 1024K, 116 young (118784K), 17 survivors (17408K)
 Metaspace       used 16048K, committed 16256K, reserved 1114112K
  class space    used 1978K, committed 2048K, reserved 1048576K
}
Event: 9.813 GC heap after
{Heap after GC invocations=16 (full 0):
 garbage-first heap   total 417792K, used 230912K [0x00000000c0000000, 0x0000000100000000)
  region size 1024K, 6 young (6144K), 6 survivors (6144K)
 Metaspace       used 16048K, committed 16256K, reserved 1114112K
  class space    used 1978K, committed 2048K, reserved 1048576K
}
Event: 11.596 GC heap before
{Heap before GC invocations=17 (full 0):
 garbage-first heap   total 432128K, used 330240K [0x00000000c0000000, 0x0000000100000000)
  region size 1024K, 104 young (106496K), 6 survivors (6144K)
 Metaspace       used 16501K, committed 16640K, reserved 1114112K
  class space    used 1977K, committed 2048K, reserved 1048576K
}
Event: 11.611 GC heap after
{Heap after GC invocations=18 (full 0):
 garbage-first heap   total 432128K, used 230400K [0x00000000c0000000, 0x0000000100000000)
  region size 1024K, 6 young (6144K), 6 survivors (6144K)
 Metaspace       used 16501K, committed 16640K, reserved 1114112K
  class space    used 1977K, committed 2048K, reserved 1048576K
}
Event: 11.699 GC heap before
{Heap before GC invocations=18 (full 0):
 garbage-first heap   total 432128K, used 245760K [0x00000000c0000000, 0x0000000100000000)
  region size 1024K, 21 young (21504K), 6 survivors (6144K)
 Metaspace       used 16516K, committed 16640K, reserved 1114112K
  class space    used 1977K, committed 2048K, reserved 1048576K
}
Event: 11.722 GC heap after
{Heap after GC invocations=19 (full 0):
 garbage-first heap   total 432128K, used 210395K [0x00000000c0000000, 0x0000000100000000)
  region size 1024K, 2 young (2048K), 2 survivors (2048K)
 Metaspace       used 16516K, committed 16640K, reserved 1114112K
  class space    used 1977K, committed 2048K, reserved 1048576K
}
Event: 12.745 GC heap before
{Heap before GC invocations=19 (full 0):
 garbage-first heap   total 432128K, used 340443K [0x00000000c0000000, 0x0000000100000000)
  region size 1024K, 129 young (132096K), 2 survivors (2048K)
 Metaspace       used 16729K, committed 16896K, reserved 1114112K
  class space    used 2002K, committed 2048K, reserved 1048576K
}

