# JRE version: OpenJDK Runtime Environment Microsoft-8297089 (17.0.8.1+1) (build 17.0.8.1+1-LTS)
# Java VM: OpenJDK 64-Bit Server VM Microsoft-8297089 (17.0.8.1+1-LTS, mixed mode, sharing, tiered, compressed oops, compressed class ptrs, g1 gc, windows-amd64)
GC Precious Log:
 CPUs: 4 total, 4 available
 Memory: 12163M
 Large Page Support: Disabled
 NUMA Support: Disabled
 Compressed Oops: Enabled (Zero based)
 Heap Region Size: 2M
 Heap Min Capacity: 8M
 Heap Initial Capacity: 8M
 Heap Max Capacity: 3042M
 Pre-touch: Disabled
 Parallel Workers: 4
 Concurrent Workers: 1
 Concurrent Refinement Workers: 4
 Periodic GC: Disabled
Heap:
 garbage-first heap   total 126976K, used 68808K [0x0000000741e00000, 0x0000000800000000)
  region size 2048K, 1 young (2048K), 1 survivors (2048K)
 Metaspace       used 11451K, committed 11648K, reserved 1114112K
  class space    used 1122K, committed 1216K, reserved 1048576K
GC Heap History (20 events):
Event: 2.162 GC heap after
{Heap after GC invocations=20 (full 0):
 garbage-first heap   total 71680K, used 19764K [0x0000000741e00000, 0x0000000800000000)
  region size 2048K, 1 young (2048K), 1 survivors (2048K)
 Metaspace       used 7719K, committed 7936K, reserved 1114112K
  class space    used 865K, committed 960K, reserved 1048576K
}
Event: 2.185 GC heap before
{Heap before GC invocations=20 (full 0):
 garbage-first heap   total 71680K, used 25908K [0x0000000741e00000, 0x0000000800000000)
  region size 2048K, 2 young (4096K), 1 survivors (2048K)
 Metaspace       used 7719K, committed 7936K, reserved 1114112K
  class space    used 865K, committed 960K, reserved 1048576K
}
Event: 2.187 GC heap after
{Heap after GC invocations=21 (full 0):
 garbage-first heap   total 71680K, used 25964K [0x0000000741e00000, 0x0000000800000000)
  region size 2048K, 1 young (2048K), 1 survivors (2048K)
 Metaspace       used 7719K, committed 7936K, reserved 1114112K
  class space    used 865K, committed 960K, reserved 1048576K
}
Event: 2.347 GC heap before
{Heap before GC invocations=21 (full 0):
 garbage-first heap   total 71680K, used 42348K [0x0000000741e00000, 0x0000000800000000)
  region size 2048K, 6 young (12288K), 1 survivors (2048K)
 Metaspace       used 7719K, committed 7936K, reserved 1114112K
  class space    used 865K, committed 960K, reserved 1048576K
}
Event: 2.352 GC heap after
{Heap after GC invocations=22 (full 0):
 garbage-first heap   total 71680K, used 22270K [0x0000000741e00000, 0x0000000800000000)
  region size 2048K, 2 young (4096K), 2 survivors (4096K)
 Metaspace       used 7719K, committed 7936K, reserved 1114112K
  class space    used 865K, committed 960K, reserved 1048576K
}
Event: 2.814 GC heap before
{Heap before GC invocations=22 (full 0):
 garbage-first heap   total 71680K, used 38654K [0x0000000741e00000, 0x0000000800000000)
  region size 2048K, 9 young (18432K), 2 survivors (4096K)
 Metaspace       used 7824K, committed 8000K, reserved 1114112K
  class space    used 865K, committed 960K, reserved 1048576K
}
Event: 2.824 GC heap after
{Heap after GC invocations=23 (full 0):
 garbage-first heap   total 71680K, used 24939K [0x0000000741e00000, 0x0000000800000000)
  region size 2048K, 2 young (4096K), 2 survivors (4096K)
 Metaspace       used 7824K, committed 8000K, reserved 1114112K
  class space    used 865K, committed 960K, reserved 1048576K
}
Event: 3.648 GC heap before
{Heap before GC invocations=23 (full 0):
 garbage-first heap   total 71680K, used 45419K [0x0000000741e00000, 0x0000000800000000)
  region size 2048K, 11 young (22528K), 2 survivors (4096K)
 Metaspace       used 8560K, committed 8704K, reserved 1114112K
  class space    used 940K, committed 1024K, reserved 1048576K
}
Event: 3.664 GC heap after
{Heap after GC invocations=24 (full 0):
 garbage-first heap   total 126976K, used 31856K [0x0000000741e00000, 0x0000000800000000)
  region size 2048K, 2 young (4096K), 2 survivors (4096K)
 Metaspace       used 8560K, committed 8704K, reserved 1114112K
  class space    used 940K, committed 1024K, reserved 1048576K
}
Event: 4.325 GC heap before
{Heap before GC invocations=24 (full 0):
 garbage-first heap   total 126976K, used 74864K [0x0000000741e00000, 0x0000000800000000)
  region size 2048K, 22 young (45056K), 2 survivors (4096K)
 Metaspace       used 9335K, committed 9472K, reserved 1114112K
  class space    used 992K, committed 1088K, reserved 1048576K
}
Event: 4.384 GC heap after
{Heap after GC invocations=25 (full 0):
 garbage-first heap   total 126976K, used 56932K [0x0000000741e00000, 0x0000000800000000)
  region size 2048K, 3 young (6144K), 3 survivors (6144K)
 Metaspace       used 9335K, committed 9472K, reserved 1114112K
  class space    used 992K, committed 1088K, reserved 1048576K
}
Event: 4.829 GC heap before
{Heap before GC invocations=25 (full 0):
 garbage-first heap   total 126976K, used 77412K [0x0000000741e00000, 0x0000000800000000)
  region size 2048K, 13 young (26624K), 3 survivors (6144K)
 Metaspace       used 9519K, committed 9728K, reserved 1114112K
  class space    used 997K, committed 1088K, reserved 1048576K
}
Event: 4.878 GC heap after
{Heap after GC invocations=26 (full 0):
 garbage-first heap   total 126976K, used 62464K [0x0000000741e00000, 0x0000000800000000)
  region size 2048K, 2 young (4096K), 2 survivors (4096K)
 Metaspace       used 9519K, committed 9728K, reserved 1114112K
  class space    used 997K, committed 1088K, reserved 1048576K
}
Event: 5.547 GC heap before
{Heap before GC invocations=26 (full 0):
 garbage-first heap   total 126976K, used 82944K [0x0000000741e00000, 0x0000000800000000)
  region size 2048K, 12 young (24576K), 2 survivors (4096K)
 Metaspace       used 10443K, committed 10624K, reserved 1114112K
  class space    used 1074K, committed 1152K, reserved 1048576K
}
Event: 5.573 GC heap after
{Heap after GC invocations=27 (full 0):
 garbage-first heap   total 126976K, used 66964K [0x0000000741e00000, 0x0000000800000000)
  region size 2048K, 2 young (4096K), 2 survivors (4096K)
 Metaspace       used 10443K, committed 10624K, reserved 1114112K
  class space    used 1074K, committed 1152K, reserved 1048576K
}
Event: 7.479 GC heap before
{Heap before GC invocations=28 (full 0):
 garbage-first heap   total 126976K, used 87444K [0x0000000741e00000, 0x0000000800000000)
  region size 2048K, 12 young (24576K), 2 survivors (4096K)
 Metaspace       used 11194K, committed 11392K, reserved 1114112K
  class space    used 1121K, committed 1216K, reserved 1048576K
}
Event: 7.492 GC heap after
{Heap after GC invocations=29 (full 0):
 garbage-first heap   total 126976K, used 68509K [0x0000000741e00000, 0x0000000800000000)
  region size 2048K, 1 young (2048K), 1 survivors (2048K)
 Metaspace       used 11194K, committed 11392K, reserved 1114112K
  class space    used 1121K, committed 1216K, reserved 1048576K
}
Event: 7.657 GC heap before
{Heap before GC invocations=29 (full 0):
 garbage-first heap   total 126976K, used 72605K [0x0000000741e00000, 0x0000000800000000)
  region size 2048K, 3 young (6144K), 1 survivors (2048K)
 Metaspace       used 11237K, committed 11456K, reserved 1114112K
  class space    used 1121K, committed 1216K, reserved 1048576K
}
Event: 7.664 GC heap after
{Heap after GC invocations=30 (full 0):
 garbage-first heap   total 126976K, used 67381K [0x0000000741e00000, 0x0000000800000000)
  region size 2048K, 1 young (2048K), 1 survivors (2048K)
 Metaspace       used 11237K, committed 11456K, reserved 1114112K
  class space    used 1121K, committed 1216K, reserved 1048576K
}
Event: 8.429 GC heap before
{Heap before GC invocations=30 (full 0):
 garbage-first heap   total 126976K, used 89909K [0x0000000741e00000, 0x0000000800000000)
  region size 2048K, 12 young (24576K), 1 survivors (2048K)
 Metaspace       used 11451K, committed 11648K, reserved 1114112K
  class space    used 1122K, committed 1216K, reserved 1048576K
}

