# JRE version: OpenJDK Runtime Environment Microsoft-8297089 (17.0.8.1+1) (build 17.0.8.1+1-LTS)
# Java VM: OpenJDK 64-Bit Server VM Microsoft-8297089 (17.0.8.1+1-LTS, mixed mode, sharing, tiered, compressed oops, compressed class ptrs, g1 gc, windows-amd64)
GC Precious Log:
 CPUs: 4 total, 4 available
 Memory: 12163M
 Large Page Support: Disabled
 NUMA Support: Disabled
 Compressed Oops: Enabled (32-bit)
 Heap Region Size: 1M
 Heap Min Capacity: 8M
 Heap Initial Capacity: 192M
 Heap Max Capacity: 1G
 Pre-touch: Disabled
 Parallel Workers: 4
 Concurrent Workers: 1
 Concurrent Refinement Workers: 4
 Periodic GC: Disabled
Heap:
 garbage-first heap   total 360448K, used 70656K [0x00000000c0000000, 0x0000000100000000)
  region size 1024K, 13 young (13312K), 5 survivors (5120K)
 Metaspace       used 8555K, committed 8704K, reserved 1114112K
  class space    used 979K, committed 1088K, reserved 1048576K
GC Heap History (14 events):
Event: 1.298 GC heap before
{Heap before GC invocations=0 (full 0):
 garbage-first heap   total 196608K, used 18432K [0x00000000c0000000, 0x0000000100000000)
  region size 1024K, 13 young (13312K), 0 survivors (0K)
 Metaspace       used 2859K, committed 3008K, reserved 1114112K
  class space    used 291K, committed 384K, reserved 1048576K
}
Event: 1.307 GC heap after
{Heap after GC invocations=1 (full 0):
 garbage-first heap   total 196608K, used 4144K [0x00000000c0000000, 0x0000000100000000)
  region size 1024K, 2 young (2048K), 2 survivors (2048K)
 Metaspace       used 2859K, committed 3008K, reserved 1114112K
  class space    used 291K, committed 384K, reserved 1048576K
}
Event: 1.813 GC heap before
{Heap before GC invocations=1 (full 0):
 garbage-first heap   total 196608K, used 15408K [0x00000000c0000000, 0x0000000100000000)
  region size 1024K, 11 young (11264K), 2 survivors (2048K)
 Metaspace       used 4655K, committed 4800K, reserved 1114112K
  class space    used 508K, committed 576K, reserved 1048576K
}
Event: 1.817 GC heap after
{Heap after GC invocations=2 (full 0):
 garbage-first heap   total 196608K, used 8122K [0x00000000c0000000, 0x0000000100000000)
  region size 1024K, 2 young (2048K), 2 survivors (2048K)
 Metaspace       used 4655K, committed 4800K, reserved 1114112K
  class space    used 508K, committed 576K, reserved 1048576K
}
Event: 2.035 GC heap before
{Heap before GC invocations=2 (full 0):
 garbage-first heap   total 196608K, used 36794K [0x00000000c0000000, 0x0000000100000000)
  region size 1024K, 25 young (25600K), 2 survivors (2048K)
 Metaspace       used 5327K, committed 5440K, reserved 1114112K
  class space    used 579K, committed 640K, reserved 1048576K
}
Event: 2.041 GC heap after
{Heap after GC invocations=3 (full 0):
 garbage-first heap   total 196608K, used 13261K [0x00000000c0000000, 0x0000000100000000)
  region size 1024K, 4 young (4096K), 4 survivors (4096K)
 Metaspace       used 5327K, committed 5440K, reserved 1114112K
  class space    used 579K, committed 640K, reserved 1048576K
}
Event: 2.958 GC heap before
{Heap before GC invocations=3 (full 0):
 garbage-first heap   total 196608K, used 126925K [0x00000000c0000000, 0x0000000100000000)
  region size 1024K, 115 young (117760K), 4 survivors (4096K)
 Metaspace       used 7012K, committed 7168K, reserved 1114112K
  class space    used 765K, committed 832K, reserved 1048576K
}
Event: 2.988 GC heap after
{Heap after GC invocations=4 (full 0):
 garbage-first heap   total 196608K, used 38325K [0x00000000c0000000, 0x0000000100000000)
  region size 1024K, 15 young (15360K), 15 survivors (15360K)
 Metaspace       used 7012K, committed 7168K, reserved 1114112K
  class space    used 765K, committed 832K, reserved 1048576K
}
Event: 3.294 GC heap before
{Heap before GC invocations=4 (full 0):
 garbage-first heap   total 196608K, used 89525K [0x00000000c0000000, 0x0000000100000000)
  region size 1024K, 65 young (66560K), 15 survivors (15360K)
 Metaspace       used 7032K, committed 7168K, reserved 1114112K
  class space    used 765K, committed 832K, reserved 1048576K
}
Event: 3.331 GC heap after
{Heap after GC invocations=5 (full 0):
 garbage-first heap   total 196608K, used 50681K [0x00000000c0000000, 0x0000000100000000)
  region size 1024K, 9 young (9216K), 9 survivors (9216K)
 Metaspace       used 7032K, committed 7168K, reserved 1114112K
  class space    used 765K, committed 832K, reserved 1048576K
}
Event: 3.424 GC heap before
{Heap before GC invocations=5 (full 0):
 garbage-first heap   total 196608K, used 70137K [0x00000000c0000000, 0x0000000100000000)
  region size 1024K, 28 young (28672K), 9 survivors (9216K)
 Metaspace       used 7054K, committed 7168K, reserved 1114112K
  class space    used 766K, committed 832K, reserved 1048576K
}
Event: 3.453 GC heap after
{Heap after GC invocations=6 (full 0):
 garbage-first heap   total 196608K, used 56320K [0x00000000c0000000, 0x0000000100000000)
  region size 1024K, 4 young (4096K), 4 survivors (4096K)
 Metaspace       used 7054K, committed 7168K, reserved 1114112K
  class space    used 766K, committed 832K, reserved 1048576K
}
Event: 3.981 GC heap before
{Heap before GC invocations=6 (full 0):
 garbage-first heap   total 196608K, used 92160K [0x00000000c0000000, 0x0000000100000000)
  region size 1024K, 39 young (39936K), 4 survivors (4096K)
 Metaspace       used 8476K, committed 8640K, reserved 1114112K
  class space    used 972K, committed 1088K, reserved 1048576K
}
Event: 4.005 GC heap after
{Heap after GC invocations=7 (full 0):
 garbage-first heap   total 360448K, used 63488K [0x00000000c0000000, 0x0000000100000000)
  region size 1024K, 5 young (5120K), 5 survivors (5120K)
 Metaspace       used 8476K, committed 8640K, reserved 1114112K
  class space    used 972K, committed 1088K, reserved 1048576K
}

