# JRE version: OpenJDK Runtime Environment Microsoft-8297089 (17.0.8.1+1) (build 17.0.8.1+1-LTS)
# Java VM: OpenJDK 64-Bit Server VM Microsoft-8297089 (17.0.8.1+1-LTS, mixed mode, sharing, tiered, compressed oops, compressed class ptrs, g1 gc, windows-amd64)
GC Precious Log:
 CPUs: 4 total, 4 available
 Memory: 12163M
 Large Page Support: Disabled
 NUMA Support: Disabled
 Compressed Oops: Enabled (32-bit)
 Heap Region Size: 1M
 Heap Min Capacity: 8M
 Heap Initial Capacity: 192M
 Heap Max Capacity: 1G
 Pre-touch: Disabled
 Parallel Workers: 4
 Concurrent Workers: 1
 Concurrent Refinement Workers: 4
 Periodic GC: Disabled
Heap:
 garbage-first heap   total 493568K, used 226215K [0x00000000c0000000, 0x0000000100000000)
  region size 1024K, 38 young (38912K), 2 survivors (2048K)
 Metaspace       used 15440K, committed 15680K, reserved 1114112K
  class space    used 1941K, committed 2048K, reserved 1048576K
GC Heap History (20 events):
Event: 7.838 GC heap before
{Heap before GC invocations=9 (full 0):
 garbage-first heap   total 196608K, used 145329K [0x00000000c0000000, 0x0000000100000000)
  region size 1024K, 59 young (60416K), 6 survivors (6144K)
 Metaspace       used 8622K, committed 8768K, reserved 1114112K
  class space    used 983K, committed 1088K, reserved 1048576K
}
Event: 7.876 GC heap after
{Heap after GC invocations=10 (full 0):
 garbage-first heap   total 259072K, used 102236K [0x00000000c0000000, 0x0000000100000000)
  region size 1024K, 8 young (8192K), 8 survivors (8192K)
 Metaspace       used 8622K, committed 8768K, reserved 1114112K
  class space    used 983K, committed 1088K, reserved 1048576K
}
Event: 12.512 GC heap before
{Heap before GC invocations=10 (full 0):
 garbage-first heap   total 259072K, used 188252K [0x00000000c0000000, 0x0000000100000000)
  region size 1024K, 92 young (94208K), 8 survivors (8192K)
 Metaspace       used 8629K, committed 8768K, reserved 1114112K
  class space    used 983K, committed 1088K, reserved 1048576K
}
Event: 12.560 GC heap after
{Heap after GC invocations=11 (full 0):
 garbage-first heap   total 259072K, used 119808K [0x00000000c0000000, 0x0000000100000000)
  region size 1024K, 12 young (12288K), 12 survivors (12288K)
 Metaspace       used 8629K, committed 8768K, reserved 1114112K
  class space    used 983K, committed 1088K, reserved 1048576K
}
Event: 13.603 GC heap before
{Heap before GC invocations=11 (full 0):
 garbage-first heap   total 259072K, used 194560K [0x00000000c0000000, 0x0000000100000000)
  region size 1024K, 85 young (87040K), 12 survivors (12288K)
 Metaspace       used 10360K, committed 10560K, reserved 1114112K
  class space    used 1180K, committed 1280K, reserved 1048576K
}
Event: 13.648 GC heap after
{Heap after GC invocations=12 (full 0):
 garbage-first heap   total 259072K, used 135168K [0x00000000c0000000, 0x0000000100000000)
  region size 1024K, 11 young (11264K), 11 survivors (11264K)
 Metaspace       used 10360K, committed 10560K, reserved 1114112K
  class space    used 1180K, committed 1280K, reserved 1048576K
}
Event: 13.923 GC heap before
{Heap before GC invocations=12 (full 0):
 garbage-first heap   total 259072K, used 199680K [0x00000000c0000000, 0x0000000100000000)
  region size 1024K, 74 young (75776K), 11 survivors (11264K)
 Metaspace       used 10373K, committed 10560K, reserved 1114112K
  class space    used 1181K, committed 1280K, reserved 1048576K
}
Event: 13.960 GC heap after
{Heap after GC invocations=13 (full 0):
 garbage-first heap   total 259072K, used 148992K [0x00000000c0000000, 0x0000000100000000)
  region size 1024K, 10 young (10240K), 10 survivors (10240K)
 Metaspace       used 10373K, committed 10560K, reserved 1114112K
  class space    used 1181K, committed 1280K, reserved 1048576K
}
Event: 14.875 GC heap before
{Heap before GC invocations=14 (full 0):
 garbage-first heap   total 304128K, used 203264K [0x00000000c0000000, 0x0000000100000000)
  region size 1024K, 63 young (64512K), 10 survivors (10240K)
 Metaspace       used 10367K, committed 10560K, reserved 1114112K
  class space    used 1179K, committed 1280K, reserved 1048576K
}
Event: 14.905 GC heap after
{Heap after GC invocations=15 (full 0):
 garbage-first heap   total 304128K, used 159744K [0x00000000c0000000, 0x0000000100000000)
  region size 1024K, 8 young (8192K), 8 survivors (8192K)
 Metaspace       used 10367K, committed 10560K, reserved 1114112K
  class space    used 1179K, committed 1280K, reserved 1048576K
}
Event: 14.931 GC heap before
{Heap before GC invocations=15 (full 0):
 garbage-first heap   total 304128K, used 165888K [0x00000000c0000000, 0x0000000100000000)
  region size 1024K, 14 young (14336K), 8 survivors (8192K)
 Metaspace       used 10367K, committed 10560K, reserved 1114112K
  class space    used 1179K, committed 1280K, reserved 1048576K
}
Event: 14.951 GC heap after
{Heap after GC invocations=16 (full 0):
 garbage-first heap   total 304128K, used 155500K [0x00000000c0000000, 0x0000000100000000)
  region size 1024K, 2 young (2048K), 2 survivors (2048K)
 Metaspace       used 10367K, committed 10560K, reserved 1114112K
  class space    used 1179K, committed 1280K, reserved 1048576K
}
Event: 15.899 GC heap before
{Heap before GC invocations=16 (full 0):
 garbage-first heap   total 304128K, used 234348K [0x00000000c0000000, 0x0000000100000000)
  region size 1024K, 79 young (80896K), 2 survivors (2048K)
 Metaspace       used 10367K, committed 10560K, reserved 1114112K
  class space    used 1179K, committed 1280K, reserved 1048576K
}
Event: 15.925 GC heap after
{Heap after GC invocations=17 (full 0):
 garbage-first heap   total 304128K, used 170496K [0x00000000c0000000, 0x0000000100000000)
  region size 1024K, 10 young (10240K), 10 survivors (10240K)
 Metaspace       used 10367K, committed 10560K, reserved 1114112K
  class space    used 1179K, committed 1280K, reserved 1048576K
}
Event: 16.442 GC heap before
{Heap before GC invocations=17 (full 0):
 garbage-first heap   total 304128K, used 239104K [0x00000000c0000000, 0x0000000100000000)
  region size 1024K, 77 young (78848K), 10 survivors (10240K)
 Metaspace       used 10367K, committed 10560K, reserved 1114112K
  class space    used 1179K, committed 1280K, reserved 1048576K
}
Event: 16.477 GC heap after
{Heap after GC invocations=18 (full 0):
 garbage-first heap   total 304128K, used 184320K [0x00000000c0000000, 0x0000000100000000)
  region size 1024K, 10 young (10240K), 10 survivors (10240K)
 Metaspace       used 10367K, committed 10560K, reserved 1114112K
  class space    used 1179K, committed 1280K, reserved 1048576K
}
Event: 17.235 GC heap before
{Heap before GC invocations=19 (full 0):
 garbage-first heap   total 322560K, used 243712K [0x00000000c0000000, 0x0000000100000000)
  region size 1024K, 69 young (70656K), 10 survivors (10240K)
 Metaspace       used 10367K, committed 10560K, reserved 1114112K
  class space    used 1179K, committed 1280K, reserved 1048576K
}
Event: 17.271 GC heap after
{Heap after GC invocations=20 (full 0):
 garbage-first heap   total 322560K, used 195072K [0x00000000c0000000, 0x0000000100000000)
  region size 1024K, 9 young (9216K), 9 survivors (9216K)
 Metaspace       used 10367K, committed 10560K, reserved 1114112K
  class space    used 1179K, committed 1280K, reserved 1048576K
}
Event: 17.606 GC heap before
{Heap before GC invocations=20 (full 0):
 garbage-first heap   total 322560K, used 201216K [0x00000000c0000000, 0x0000000100000000)
  region size 1024K, 15 young (15360K), 9 survivors (9216K)
 Metaspace       used 10891K, committed 11072K, reserved 1114112K
  class space    used 1278K, committed 1344K, reserved 1048576K
}
Event: 17.633 GC heap after
{Heap after GC invocations=21 (full 0):
 garbage-first heap   total 493568K, used 190375K [0x00000000c0000000, 0x0000000100000000)
  region size 1024K, 2 young (2048K), 2 survivors (2048K)
 Metaspace       used 10891K, committed 11072K, reserved 1114112K
  class space    used 1278K, committed 1344K, reserved 1048576K
}

