# JRE version: OpenJDK Runtime Environment Microsoft-8297089 (17.0.8.1+1) (build 17.0.8.1+1-LTS)
# Java VM: OpenJDK 64-Bit Server VM Microsoft-8297089 (17.0.8.1+1-LTS, mixed mode, sharing, tiered, compressed oops, compressed class ptrs, g1 gc, windows-amd64)
GC Precious Log:
 CPUs: 4 total, 4 available
 Memory: 12163M
 Large Page Support: Disabled
 NUMA Support: Disabled
 Compressed Oops: Enabled (32-bit)
 Heap Region Size: 1M
 Heap Min Capacity: 8M
 Heap Initial Capacity: 192M
 Heap Max Capacity: 1G
 Pre-touch: Disabled
 Parallel Workers: 4
 Concurrent Workers: 1
 Concurrent Refinement Workers: 4
 Periodic GC: Disabled
Heap:
 garbage-first heap   total 401408K, used 186660K [0x00000000c0000000, 0x0000000100000000)
  region size 1024K, 3 young (3072K), 3 survivors (3072K)
 Metaspace       used 17050K, committed 17216K, reserved 1114112K
  class space    used 2029K, committed 2112K, reserved 1048576K
GC Heap History (20 events):
Event: 5.348 GC heap after
{Heap after GC invocations=11 (full 0):
 garbage-first heap   total 312320K, used 144384K [0x00000000c0000000, 0x0000000100000000)
  region size 1024K, 15 young (15360K), 15 survivors (15360K)
 Metaspace       used 10259K, committed 10432K, reserved 1114112K
  class space    used 1184K, committed 1280K, reserved 1048576K
}
Event: 5.769 GC heap before
{Heap before GC invocations=11 (full 0):
 garbage-first heap   total 312320K, used 235520K [0x00000000c0000000, 0x0000000100000000)
  region size 1024K, 104 young (106496K), 15 survivors (15360K)
 Metaspace       used 10260K, committed 10432K, reserved 1114112K
  class space    used 1185K, committed 1280K, reserved 1048576K
}
Event: 5.824 GC heap after
{Heap after GC invocations=12 (full 0):
 garbage-first heap   total 401408K, used 162304K [0x00000000c0000000, 0x0000000100000000)
  region size 1024K, 13 young (13312K), 13 survivors (13312K)
 Metaspace       used 10260K, committed 10432K, reserved 1114112K
  class space    used 1185K, committed 1280K, reserved 1048576K
}
Event: 6.488 GC heap before
{Heap before GC invocations=12 (full 0):
 garbage-first heap   total 401408K, used 296448K [0x00000000c0000000, 0x0000000100000000)
  region size 1024K, 144 young (147456K), 13 survivors (13312K)
 Metaspace       used 10265K, committed 10496K, reserved 1114112K
  class space    used 1185K, committed 1280K, reserved 1048576K
}
Event: 6.552 GC heap after
{Heap after GC invocations=13 (full 0):
 garbage-first heap   total 401408K, used 187904K [0x00000000c0000000, 0x0000000100000000)
  region size 1024K, 18 young (18432K), 18 survivors (18432K)
 Metaspace       used 10265K, committed 10496K, reserved 1114112K
  class space    used 1185K, committed 1280K, reserved 1048576K
}
Event: 8.668 GC heap before
{Heap before GC invocations=13 (full 0):
 garbage-first heap   total 401408K, used 304640K [0x00000000c0000000, 0x0000000100000000)
  region size 1024K, 132 young (135168K), 18 survivors (18432K)
 Metaspace       used 15579K, committed 15744K, reserved 1114112K
  class space    used 1963K, committed 2048K, reserved 1048576K
}
Event: 8.719 GC heap after
{Heap after GC invocations=14 (full 0):
 garbage-first heap   total 401408K, used 203776K [0x00000000c0000000, 0x0000000100000000)
  region size 1024K, 15 young (15360K), 15 survivors (15360K)
 Metaspace       used 15579K, committed 15744K, reserved 1114112K
  class space    used 1963K, committed 2048K, reserved 1048576K
}
Event: 10.401 GC heap before
{Heap before GC invocations=14 (full 0):
 garbage-first heap   total 401408K, used 312320K [0x00000000c0000000, 0x0000000100000000)
  region size 1024K, 121 young (123904K), 15 survivors (15360K)
 Metaspace       used 16516K, committed 16704K, reserved 1114112K
  class space    used 1982K, committed 2048K, reserved 1048576K
}
Event: 10.429 GC heap after
{Heap after GC invocations=15 (full 0):
 garbage-first heap   total 401408K, used 205824K [0x00000000c0000000, 0x0000000100000000)
  region size 1024K, 2 young (2048K), 2 survivors (2048K)
 Metaspace       used 16516K, committed 16704K, reserved 1114112K
  class space    used 1982K, committed 2048K, reserved 1048576K
}
Event: 12.049 GC heap before
{Heap before GC invocations=16 (full 0):
 garbage-first heap   total 401408K, used 317440K [0x00000000c0000000, 0x0000000100000000)
  region size 1024K, 112 young (114688K), 2 survivors (2048K)
 Metaspace       used 16592K, committed 16768K, reserved 1114112K
  class space    used 1993K, committed 2048K, reserved 1048576K
}
Event: 12.058 GC heap after
{Heap after GC invocations=17 (full 0):
 garbage-first heap   total 401408K, used 205476K [0x00000000c0000000, 0x0000000100000000)
  region size 1024K, 3 young (3072K), 3 survivors (3072K)
 Metaspace       used 16592K, committed 16768K, reserved 1114112K
  class space    used 1993K, committed 2048K, reserved 1048576K
}
Event: 12.240 GC heap before
{Heap before GC invocations=17 (full 0):
 garbage-first heap   total 401408K, used 221860K [0x00000000c0000000, 0x0000000100000000)
  region size 1024K, 19 young (19456K), 3 survivors (3072K)
 Metaspace       used 16642K, committed 16896K, reserved 1114112K
  class space    used 2001K, committed 2112K, reserved 1048576K
}
Event: 12.256 GC heap after
{Heap after GC invocations=18 (full 0):
 garbage-first heap   total 401408K, used 186962K [0x00000000c0000000, 0x0000000100000000)
  region size 1024K, 2 young (2048K), 2 survivors (2048K)
 Metaspace       used 16642K, committed 16896K, reserved 1114112K
  class space    used 2001K, committed 2112K, reserved 1048576K
}
Event: 13.134 GC heap before
{Heap before GC invocations=18 (full 0):
 garbage-first heap   total 401408K, used 320082K [0x00000000c0000000, 0x0000000100000000)
  region size 1024K, 132 young (135168K), 2 survivors (2048K)
 Metaspace       used 16753K, committed 16960K, reserved 1114112K
  class space    used 2002K, committed 2112K, reserved 1048576K
}
Event: 13.147 GC heap after
{Heap after GC invocations=19 (full 0):
 garbage-first heap   total 401408K, used 188355K [0x00000000c0000000, 0x0000000100000000)
  region size 1024K, 4 young (4096K), 4 survivors (4096K)
 Metaspace       used 16753K, committed 16960K, reserved 1114112K
  class space    used 2002K, committed 2112K, reserved 1048576K
}
Event: 14.654 GC heap before
{Heap before GC invocations=20 (full 0):
 garbage-first heap   total 401408K, used 326595K [0x00000000c0000000, 0x0000000100000000)
  region size 1024K, 139 young (142336K), 4 survivors (4096K)
 Metaspace       used 17004K, committed 17216K, reserved 1114112K
  class space    used 2027K, committed 2112K, reserved 1048576K
}
Event: 14.673 GC heap after
{Heap after GC invocations=21 (full 0):
 garbage-first heap   total 401408K, used 189016K [0x00000000c0000000, 0x0000000100000000)
  region size 1024K, 4 young (4096K), 4 survivors (4096K)
 Metaspace       used 17004K, committed 17216K, reserved 1114112K
  class space    used 2027K, committed 2112K, reserved 1048576K
}
Event: 14.762 GC heap before
{Heap before GC invocations=21 (full 0):
 garbage-first heap   total 401408K, used 204376K [0x00000000c0000000, 0x0000000100000000)
  region size 1024K, 19 young (19456K), 4 survivors (4096K)
 Metaspace       used 17006K, committed 17216K, reserved 1114112K
  class space    used 2027K, committed 2112K, reserved 1048576K
}
Event: 14.777 GC heap after
{Heap after GC invocations=22 (full 0):
 garbage-first heap   total 401408K, used 185363K [0x00000000c0000000, 0x0000000100000000)
  region size 1024K, 2 young (2048K), 2 survivors (2048K)
 Metaspace       used 17006K, committed 17216K, reserved 1114112K
  class space    used 2027K, committed 2112K, reserved 1048576K
}
Event: 15.564 GC heap before
{Heap before GC invocations=22 (full 0):
 garbage-first heap   total 401408K, used 332819K [0x00000000c0000000, 0x0000000100000000)
  region size 1024K, 146 young (149504K), 2 survivors (2048K)
 Metaspace       used 17050K, committed 17216K, reserved 1114112K
  class space    used 2029K, committed 2112K, reserved 1048576K
}

