# JRE version: OpenJDK Runtime Environment Microsoft-8297089 (17.0.8.1+1) (build 17.0.8.1+1-LTS)
# Java VM: OpenJDK 64-Bit Server VM Microsoft-8297089 (17.0.8.1+1-LTS, mixed mode, sharing, tiered, compressed oops, compressed class ptrs, g1 gc, windows-amd64)
GC Precious Log:
 CPUs: 4 total, 4 available
 Memory: 12163M
 Large Page Support: Disabled
 NUMA Support: Disabled
 Compressed Oops: Enabled (32-bit)
 Heap Region Size: 1M
 Heap Min Capacity: 8M
 Heap Initial Capacity: 192M
 Heap Max Capacity: 1G
 Pre-touch: Disabled
 Parallel Workers: 4
 Concurrent Workers: 1
 Concurrent Refinement Workers: 4
 Periodic GC: Disabled
Heap:
 garbage-first heap   total 387072K, used 268800K [0x00000000c0000000, 0x0000000100000000)
  region size 1024K, 68 young (69632K), 15 survivors (15360K)
 Metaspace       used 11716K, committed 11904K, reserved 1114112K
  class space    used 1437K, committed 1536K, reserved 1048576K
GC Heap History (20 events):
Event: 2.446 GC heap before
{Heap before GC invocations=5 (full 0):
 garbage-first heap   total 196608K, used 113032K [0x00000000c0000000, 0x0000000100000000)
  region size 1024K, 69 young (70656K), 9 survivors (9216K)
 Metaspace       used 7049K, committed 7232K, reserved 1114112K
  class space    used 766K, committed 832K, reserved 1048576K
}
Event: 2.479 GC heap after
{Heap after GC invocations=6 (full 0):
 garbage-first heap   total 196608K, used 64000K [0x00000000c0000000, 0x0000000100000000)
  region size 1024K, 9 young (9216K), 9 survivors (9216K)
 Metaspace       used 7049K, committed 7232K, reserved 1114112K
  class space    used 766K, committed 832K, reserved 1048576K
}
Event: 2.761 GC heap before
{Heap before GC invocations=6 (full 0):
 garbage-first heap   total 196608K, used 129536K [0x00000000c0000000, 0x0000000100000000)
  region size 1024K, 73 young (74752K), 9 survivors (9216K)
 Metaspace       used 7061K, committed 7232K, reserved 1114112K
  class space    used 766K, committed 832K, reserved 1048576K
}
Event: 2.803 GC heap after
{Heap after GC invocations=7 (full 0):
 garbage-first heap   total 196608K, used 79872K [0x00000000c0000000, 0x0000000100000000)
  region size 1024K, 10 young (10240K), 10 survivors (10240K)
 Metaspace       used 7061K, committed 7232K, reserved 1114112K
  class space    used 766K, committed 832K, reserved 1048576K
}
Event: 3.084 GC heap before
{Heap before GC invocations=7 (full 0):
 garbage-first heap   total 196608K, used 142336K [0x00000000c0000000, 0x0000000100000000)
  region size 1024K, 68 young (69632K), 10 survivors (10240K)
 Metaspace       used 7062K, committed 7232K, reserved 1114112K
  class space    used 766K, committed 832K, reserved 1048576K
}
Event: 3.132 GC heap after
{Heap after GC invocations=8 (full 0):
 garbage-first heap   total 297984K, used 95744K [0x00000000c0000000, 0x0000000100000000)
  region size 1024K, 9 young (9216K), 9 survivors (9216K)
 Metaspace       used 7062K, committed 7232K, reserved 1114112K
  class space    used 766K, committed 832K, reserved 1048576K
}
Event: 3.334 GC heap before
{Heap before GC invocations=8 (full 0):
 garbage-first heap   total 297984K, used 99840K [0x00000000c0000000, 0x0000000100000000)
  region size 1024K, 14 young (14336K), 9 survivors (9216K)
 Metaspace       used 8154K, committed 8320K, reserved 1114112K
  class space    used 935K, committed 1024K, reserved 1048576K
}
Event: 3.355 GC heap after
{Heap after GC invocations=9 (full 0):
 garbage-first heap   total 297984K, used 99232K [0x00000000c0000000, 0x0000000100000000)
  region size 1024K, 2 young (2048K), 2 survivors (2048K)
 Metaspace       used 8154K, committed 8320K, reserved 1114112K
  class space    used 935K, committed 1024K, reserved 1048576K
}
Event: 3.873 GC heap before
{Heap before GC invocations=9 (full 0):
 garbage-first heap   total 297984K, used 144288K [0x00000000c0000000, 0x0000000100000000)
  region size 1024K, 46 young (47104K), 2 survivors (2048K)
 Metaspace       used 8633K, committed 8832K, reserved 1114112K
  class space    used 987K, committed 1088K, reserved 1048576K
}
Event: 3.897 GC heap after
{Heap after GC invocations=10 (full 0):
 garbage-first heap   total 297984K, used 107497K [0x00000000c0000000, 0x0000000100000000)
  region size 1024K, 6 young (6144K), 6 survivors (6144K)
 Metaspace       used 8633K, committed 8832K, reserved 1114112K
  class space    used 987K, committed 1088K, reserved 1048576K
}
Event: 4.444 GC heap before
{Heap before GC invocations=10 (full 0):
 garbage-first heap   total 297984K, used 204777K [0x00000000c0000000, 0x0000000100000000)
  region size 1024K, 101 young (103424K), 6 survivors (6144K)
 Metaspace       used 8636K, committed 8832K, reserved 1114112K
  class space    used 987K, committed 1088K, reserved 1048576K
}
Event: 4.486 GC heap after
{Heap after GC invocations=11 (full 0):
 garbage-first heap   total 297984K, used 125952K [0x00000000c0000000, 0x0000000100000000)
  region size 1024K, 13 young (13312K), 13 survivors (13312K)
 Metaspace       used 8636K, committed 8832K, reserved 1114112K
  class space    used 987K, committed 1088K, reserved 1048576K
}
Event: 5.450 GC heap before
{Heap before GC invocations=11 (full 0):
 garbage-first heap   total 297984K, used 215040K [0x00000000c0000000, 0x0000000100000000)
  region size 1024K, 100 young (102400K), 13 survivors (13312K)
 Metaspace       used 10237K, committed 10368K, reserved 1114112K
  class space    used 1182K, committed 1280K, reserved 1048576K
}
Event: 5.502 GC heap after
{Heap after GC invocations=12 (full 0):
 garbage-first heap   total 387072K, used 143276K [0x00000000c0000000, 0x0000000100000000)
  region size 1024K, 13 young (13312K), 13 survivors (13312K)
 Metaspace       used 10237K, committed 10368K, reserved 1114112K
  class space    used 1182K, committed 1280K, reserved 1048576K
}
Event: 6.165 GC heap before
{Heap before GC invocations=12 (full 0):
 garbage-first heap   total 387072K, used 275372K [0x00000000c0000000, 0x0000000100000000)
  region size 1024K, 142 young (145408K), 13 survivors (13312K)
 Metaspace       used 10249K, committed 10432K, reserved 1114112K
  class space    used 1182K, committed 1280K, reserved 1048576K
}
Event: 6.219 GC heap after
{Heap after GC invocations=13 (full 0):
 garbage-first heap   total 387072K, used 171520K [0x00000000c0000000, 0x0000000100000000)
  region size 1024K, 18 young (18432K), 18 survivors (18432K)
 Metaspace       used 10249K, committed 10432K, reserved 1114112K
  class space    used 1182K, committed 1280K, reserved 1048576K
}
Event: 6.651 GC heap before
{Heap before GC invocations=13 (full 0):
 garbage-first heap   total 387072K, used 285184K [0x00000000c0000000, 0x0000000100000000)
  region size 1024K, 129 young (132096K), 18 survivors (18432K)
 Metaspace       used 10254K, committed 10432K, reserved 1114112K
  class space    used 1182K, committed 1280K, reserved 1048576K
}
Event: 6.731 GC heap after
{Heap after GC invocations=14 (full 0):
 garbage-first heap   total 387072K, used 194560K [0x00000000c0000000, 0x0000000100000000)
  region size 1024K, 17 young (17408K), 17 survivors (17408K)
 Metaspace       used 10254K, committed 10432K, reserved 1114112K
  class space    used 1182K, committed 1280K, reserved 1048576K
}
Event: 7.073 GC heap before
{Heap before GC invocations=14 (full 0):
 garbage-first heap   total 387072K, used 294912K [0x00000000c0000000, 0x0000000100000000)
  region size 1024K, 115 young (117760K), 17 survivors (17408K)
 Metaspace       used 10255K, committed 10432K, reserved 1114112K
  class space    used 1183K, committed 1280K, reserved 1048576K
}
Event: 7.130 GC heap after
{Heap after GC invocations=15 (full 0):
 garbage-first heap   total 387072K, used 216576K [0x00000000c0000000, 0x0000000100000000)
  region size 1024K, 15 young (15360K), 15 survivors (15360K)
 Metaspace       used 10255K, committed 10432K, reserved 1114112K
  class space    used 1183K, committed 1280K, reserved 1048576K
}

