# JRE version: OpenJDK Runtime Environment Microsoft-8297089 (17.0.8.1+1) (build 17.0.8.1+1-LTS)
# Java VM: OpenJDK 64-Bit Server VM Microsoft-8297089 (17.0.8.1+1-LTS, mixed mode, sharing, tiered, compressed oops, compressed class ptrs, g1 gc, windows-amd64)
GC Precious Log:
 CPUs: 4 total, 4 available
 Memory: 12163M
 Large Page Support: Disabled
 NUMA Support: Disabled
 Compressed Oops: Enabled (32-bit)
 Heap Region Size: 1M
 Heap Min Capacity: 8M
 Heap Initial Capacity: 192M
 Heap Max Capacity: 1G
 Pre-touch: Disabled
 Parallel Workers: 4
 Concurrent Workers: 1
 Concurrent Refinement Workers: 4
 Periodic GC: Disabled
Heap:
 garbage-first heap   total 399360K, used 210425K [0x00000000c0000000, 0x0000000100000000)
  region size 1024K, 1 young (1024K), 1 survivors (1024K)
 Metaspace       used 16479K, committed 16704K, reserved 1114112K
  class space    used 1969K, committed 2048K, reserved 1048576K
GC Heap History (20 events):
Event: 4.019 GC heap after
{Heap after GC invocations=9 (full 0):
 garbage-first heap   total 263168K, used 96768K [0x00000000c0000000, 0x0000000100000000)
  region size 1024K, 5 young (5120K), 5 survivors (5120K)
 Metaspace       used 7846K, committed 8000K, reserved 1114112K
  class space    used 888K, committed 960K, reserved 1048576K
}
Event: 4.897 GC heap before
{Heap before GC invocations=9 (full 0):
 garbage-first heap   total 263168K, used 187904K [0x00000000c0000000, 0x0000000100000000)
  region size 1024K, 94 young (96256K), 5 survivors (5120K)
 Metaspace       used 8635K, committed 8832K, reserved 1114112K
  class space    used 987K, committed 1088K, reserved 1048576K
}
Event: 4.937 GC heap after
{Heap after GC invocations=10 (full 0):
 garbage-first heap   total 263168K, used 114688K [0x00000000c0000000, 0x0000000100000000)
  region size 1024K, 12 young (12288K), 12 survivors (12288K)
 Metaspace       used 8635K, committed 8832K, reserved 1114112K
  class space    used 987K, committed 1088K, reserved 1048576K
}
Event: 5.283 GC heap before
{Heap before GC invocations=10 (full 0):
 garbage-first heap   total 263168K, used 194560K [0x00000000c0000000, 0x0000000100000000)
  region size 1024K, 90 young (92160K), 12 survivors (12288K)
 Metaspace       used 8636K, committed 8832K, reserved 1114112K
  class space    used 987K, committed 1088K, reserved 1048576K
}
Event: 5.341 GC heap after
{Heap after GC invocations=11 (full 0):
 garbage-first heap   total 263168K, used 131018K [0x00000000c0000000, 0x0000000100000000)
  region size 1024K, 12 young (12288K), 12 survivors (12288K)
 Metaspace       used 8636K, committed 8832K, reserved 1114112K
  class space    used 987K, committed 1088K, reserved 1048576K
}
Event: 5.860 GC heap before
{Heap before GC invocations=11 (full 0):
 garbage-first heap   total 263168K, used 199626K [0x00000000c0000000, 0x0000000100000000)
  region size 1024K, 80 young (81920K), 12 survivors (12288K)
 Metaspace       used 10266K, committed 10496K, reserved 1114112K
  class space    used 1184K, committed 1280K, reserved 1048576K
}
Event: 5.901 GC heap after
{Heap after GC invocations=12 (full 0):
 garbage-first heap   total 397312K, used 145408K [0x00000000c0000000, 0x0000000100000000)
  region size 1024K, 10 young (10240K), 10 survivors (10240K)
 Metaspace       used 10266K, committed 10496K, reserved 1114112K
  class space    used 1184K, committed 1280K, reserved 1048576K
}
Event: 6.893 GC heap before
{Heap before GC invocations=13 (full 0):
 garbage-first heap   total 397312K, used 288768K [0x00000000c0000000, 0x0000000100000000)
  region size 1024K, 150 young (153600K), 10 survivors (10240K)
 Metaspace       used 10267K, committed 10496K, reserved 1114112K
  class space    used 1182K, committed 1280K, reserved 1048576K
}
Event: 6.955 GC heap after
{Heap after GC invocations=14 (full 0):
 garbage-first heap   total 397312K, used 175616K [0x00000000c0000000, 0x0000000100000000)
  region size 1024K, 19 young (19456K), 19 survivors (19456K)
 Metaspace       used 10267K, committed 10496K, reserved 1114112K
  class space    used 1182K, committed 1280K, reserved 1048576K
}
Event: 6.965 GC heap before
{Heap before GC invocations=14 (full 0):
 garbage-first heap   total 397312K, used 176640K [0x00000000c0000000, 0x0000000100000000)
  region size 1024K, 20 young (20480K), 19 survivors (19456K)
 Metaspace       used 10267K, committed 10496K, reserved 1114112K
  class space    used 1182K, committed 1280K, reserved 1048576K
}
Event: 7.012 GC heap after
{Heap after GC invocations=15 (full 0):
 garbage-first heap   total 397312K, used 174592K [0x00000000c0000000, 0x0000000100000000)
  region size 1024K, 2 young (2048K), 2 survivors (2048K)
 Metaspace       used 10267K, committed 10496K, reserved 1114112K
  class space    used 1182K, committed 1280K, reserved 1048576K
}
Event: 7.401 GC heap before
{Heap before GC invocations=15 (full 0):
 garbage-first heap   total 397312K, used 295424K [0x00000000c0000000, 0x0000000100000000)
  region size 1024K, 120 young (122880K), 2 survivors (2048K)
 Metaspace       used 10267K, committed 10496K, reserved 1114112K
  class space    used 1182K, committed 1280K, reserved 1048576K
}
Event: 7.446 GC heap after
{Heap after GC invocations=16 (full 0):
 garbage-first heap   total 397312K, used 198144K [0x00000000c0000000, 0x0000000100000000)
  region size 1024K, 15 young (15360K), 15 survivors (15360K)
 Metaspace       used 10267K, committed 10496K, reserved 1114112K
  class space    used 1182K, committed 1280K, reserved 1048576K
}
Event: 7.767 GC heap before
{Heap before GC invocations=16 (full 0):
 garbage-first heap   total 397312K, used 304640K [0x00000000c0000000, 0x0000000100000000)
  region size 1024K, 119 young (121856K), 15 survivors (15360K)
 Metaspace       used 10267K, committed 10496K, reserved 1114112K
  class space    used 1182K, committed 1280K, reserved 1048576K
}
Event: 7.819 GC heap after
{Heap after GC invocations=17 (full 0):
 garbage-first heap   total 397312K, used 220672K [0x00000000c0000000, 0x0000000100000000)
  region size 1024K, 15 young (15360K), 15 survivors (15360K)
 Metaspace       used 10267K, committed 10496K, reserved 1114112K
  class space    used 1182K, committed 1280K, reserved 1048576K
}
Event: 10.206 GC heap before
{Heap before GC invocations=18 (full 0):
 garbage-first heap   total 399360K, used 310784K [0x00000000c0000000, 0x0000000100000000)
  region size 1024K, 104 young (106496K), 15 survivors (15360K)
 Metaspace       used 16067K, committed 16256K, reserved 1114112K
  class space    used 1968K, committed 2048K, reserved 1048576K
}
Event: 10.237 GC heap after
{Heap after GC invocations=19 (full 0):
 garbage-first heap   total 399360K, used 226304K [0x00000000c0000000, 0x0000000100000000)
  region size 1024K, 5 young (5120K), 5 survivors (5120K)
 Metaspace       used 16067K, committed 16256K, reserved 1114112K
  class space    used 1968K, committed 2048K, reserved 1048576K
}
Event: 10.391 GC heap before
{Heap before GC invocations=19 (full 0):
 garbage-first heap   total 399360K, used 240640K [0x00000000c0000000, 0x0000000100000000)
  region size 1024K, 19 young (19456K), 5 survivors (5120K)
 Metaspace       used 16115K, committed 16320K, reserved 1114112K
  class space    used 1968K, committed 2048K, reserved 1048576K
}
Event: 10.405 GC heap after
{Heap after GC invocations=20 (full 0):
 garbage-first heap   total 399360K, used 210432K [0x00000000c0000000, 0x0000000100000000)
  region size 1024K, 1 young (1024K), 1 survivors (1024K)
 Metaspace       used 16115K, committed 16320K, reserved 1114112K
  class space    used 1968K, committed 2048K, reserved 1048576K
}
Event: 11.389 GC heap before
{Heap before GC invocations=20 (full 0):
 garbage-first heap   total 399360K, used 313856K [0x00000000c0000000, 0x0000000100000000)
  region size 1024K, 102 young (104448K), 1 survivors (1024K)
 Metaspace       used 16479K, committed 16704K, reserved 1114112K
  class space    used 1969K, committed 2048K, reserved 1048576K
}

