# JRE version: OpenJDK Runtime Environment Microsoft-8297089 (17.0.8.1+1) (build 17.0.8.1+1-LTS)
# Java VM: OpenJDK 64-Bit Server VM Microsoft-8297089 (17.0.8.1+1-LTS, mixed mode, sharing, tiered, compressed oops, compressed class ptrs, g1 gc, windows-amd64)
GC Precious Log:
 CPUs: 4 total, 4 available
 Memory: 12163M
 Large Page Support: Disabled
 NUMA Support: Disabled
 Compressed Oops: Enabled (32-bit)
 Heap Region Size: 1M
 Heap Min Capacity: 8M
 Heap Initial Capacity: 192M
 Heap Max Capacity: 1G
 Pre-touch: Disabled
 Parallel Workers: 4
 Concurrent Workers: 1
 Concurrent Refinement Workers: 4
 Periodic GC: Disabled
Heap:
 garbage-first heap   total 335872K, used 210432K [0x00000000c0000000, 0x0000000100000000)
  region size 1024K, 11 young (11264K), 11 survivors (11264K)
 Metaspace       used 10183K, committed 10368K, reserved 1114112K
  class space    used 1180K, committed 1280K, reserved 1048576K
GC Heap History (20 events):
Event: 3.520 GC heap after
{Heap after GC invocations=6 (full 0):
 garbage-first heap   total 196608K, used 58880K [0x00000000c0000000, 0x0000000100000000)
  region size 1024K, 6 young (6144K), 6 survivors (6144K)
 Metaspace       used 7039K, committed 7168K, reserved 1114112K
  class space    used 765K, committed 832K, reserved 1048576K
}
Event: 3.968 GC heap before
{Heap before GC invocations=6 (full 0):
 garbage-first heap   total 196608K, used 128512K [0x00000000c0000000, 0x0000000100000000)
  region size 1024K, 74 young (75776K), 6 survivors (6144K)
 Metaspace       used 7058K, committed 7232K, reserved 1114112K
  class space    used 765K, committed 832K, reserved 1048576K
}
Event: 4.002 GC heap after
{Heap after GC invocations=7 (full 0):
 garbage-first heap   total 196608K, used 74240K [0x00000000c0000000, 0x0000000100000000)
  region size 1024K, 10 young (10240K), 10 survivors (10240K)
 Metaspace       used 7058K, committed 7232K, reserved 1114112K
  class space    used 765K, committed 832K, reserved 1048576K
}
Event: 4.318 GC heap before
{Heap before GC invocations=7 (full 0):
 garbage-first heap   total 196608K, used 135680K [0x00000000c0000000, 0x0000000100000000)
  region size 1024K, 68 young (69632K), 10 survivors (10240K)
 Metaspace       used 7060K, committed 7232K, reserved 1114112K
  class space    used 765K, committed 832K, reserved 1048576K
}
Event: 4.361 GC heap after
{Heap after GC invocations=8 (full 0):
 garbage-first heap   total 196608K, used 89088K [0x00000000c0000000, 0x0000000100000000)
  region size 1024K, 9 young (9216K), 9 survivors (9216K)
 Metaspace       used 7060K, committed 7232K, reserved 1114112K
  class space    used 765K, committed 832K, reserved 1048576K
}
Event: 4.719 GC heap before
{Heap before GC invocations=8 (full 0):
 garbage-first heap   total 196608K, used 120832K [0x00000000c0000000, 0x0000000100000000)
  region size 1024K, 39 young (39936K), 9 survivors (9216K)
 Metaspace       used 7886K, committed 8128K, reserved 1114112K
  class space    used 895K, committed 1024K, reserved 1048576K
}
Event: 4.750 GC heap after
{Heap after GC invocations=9 (full 0):
 garbage-first heap   total 196608K, used 97280K [0x00000000c0000000, 0x0000000100000000)
  region size 1024K, 5 young (5120K), 5 survivors (5120K)
 Metaspace       used 7886K, committed 8128K, reserved 1114112K
  class space    used 895K, committed 1024K, reserved 1048576K
}
Event: 5.394 GC heap before
{Heap before GC invocations=9 (full 0):
 garbage-first heap   total 196608K, used 147456K [0x00000000c0000000, 0x0000000100000000)
  region size 1024K, 54 young (55296K), 5 survivors (5120K)
 Metaspace       used 8623K, committed 8832K, reserved 1114112K
  class space    used 987K, committed 1088K, reserved 1048576K
}
Event: 5.423 GC heap after
{Heap after GC invocations=10 (full 0):
 garbage-first heap   total 335872K, used 108032K [0x00000000c0000000, 0x0000000100000000)
  region size 1024K, 7 young (7168K), 7 survivors (7168K)
 Metaspace       used 8623K, committed 8832K, reserved 1114112K
  class space    used 987K, committed 1088K, reserved 1048576K
}
Event: 6.380 GC heap before
{Heap before GC invocations=11 (full 0):
 garbage-first heap   total 335872K, used 240128K [0x00000000c0000000, 0x0000000100000000)
  region size 1024K, 136 young (139264K), 7 survivors (7168K)
 Metaspace       used 8617K, committed 8832K, reserved 1114112K
  class space    used 984K, committed 1088K, reserved 1048576K
}
Event: 6.444 GC heap after
{Heap after GC invocations=12 (full 0):
 garbage-first heap   total 335872K, used 134144K [0x00000000c0000000, 0x0000000100000000)
  region size 1024K, 17 young (17408K), 17 survivors (17408K)
 Metaspace       used 8617K, committed 8832K, reserved 1114112K
  class space    used 984K, committed 1088K, reserved 1048576K
}
Event: 6.464 GC heap before
{Heap before GC invocations=12 (full 0):
 garbage-first heap   total 335872K, used 135168K [0x00000000c0000000, 0x0000000100000000)
  region size 1024K, 18 young (18432K), 17 survivors (17408K)
 Metaspace       used 8617K, committed 8832K, reserved 1114112K
  class space    used 984K, committed 1088K, reserved 1048576K
}
Event: 6.517 GC heap after
{Heap after GC invocations=13 (full 0):
 garbage-first heap   total 335872K, used 134656K [0x00000000c0000000, 0x0000000100000000)
  region size 1024K, 2 young (2048K), 2 survivors (2048K)
 Metaspace       used 8617K, committed 8832K, reserved 1114112K
  class space    used 984K, committed 1088K, reserved 1048576K
}
Event: 7.378 GC heap before
{Heap before GC invocations=13 (full 0):
 garbage-first heap   total 335872K, used 248320K [0x00000000c0000000, 0x0000000100000000)
  region size 1024K, 113 young (115712K), 2 survivors (2048K)
 Metaspace       used 10179K, committed 10368K, reserved 1114112K
  class space    used 1180K, committed 1280K, reserved 1048576K
}
Event: 7.413 GC heap after
{Heap after GC invocations=14 (full 0):
 garbage-first heap   total 335872K, used 156160K [0x00000000c0000000, 0x0000000100000000)
  region size 1024K, 15 young (15360K), 15 survivors (15360K)
 Metaspace       used 10179K, committed 10368K, reserved 1114112K
  class space    used 1180K, committed 1280K, reserved 1048576K
}
Event: 7.774 GC heap before
{Heap before GC invocations=14 (full 0):
 garbage-first heap   total 335872K, used 253440K [0x00000000c0000000, 0x0000000100000000)
  region size 1024K, 110 young (112640K), 15 survivors (15360K)
 Metaspace       used 10179K, committed 10368K, reserved 1114112K
  class space    used 1180K, committed 1280K, reserved 1048576K
}
Event: 7.832 GC heap after
{Heap after GC invocations=15 (full 0):
 garbage-first heap   total 335872K, used 176632K [0x00000000c0000000, 0x0000000100000000)
  region size 1024K, 14 young (14336K), 14 survivors (14336K)
 Metaspace       used 10179K, committed 10368K, reserved 1114112K
  class space    used 1180K, committed 1280K, reserved 1048576K
}
Event: 8.135 GC heap before
{Heap before GC invocations=15 (full 0):
 garbage-first heap   total 335872K, used 260600K [0x00000000c0000000, 0x0000000100000000)
  region size 1024K, 96 young (98304K), 14 survivors (14336K)
 Metaspace       used 10182K, committed 10368K, reserved 1114112K
  class space    used 1180K, committed 1280K, reserved 1048576K
}
Event: 8.182 GC heap after
{Heap after GC invocations=16 (full 0):
 garbage-first heap   total 335872K, used 194560K [0x00000000c0000000, 0x0000000100000000)
  region size 1024K, 12 young (12288K), 12 survivors (12288K)
 Metaspace       used 10182K, committed 10368K, reserved 1114112K
  class space    used 1180K, committed 1280K, reserved 1048576K
}
Event: 8.786 GC heap before
{Heap before GC invocations=16 (full 0):
 garbage-first heap   total 335872K, used 267264K [0x00000000c0000000, 0x0000000100000000)
  region size 1024K, 83 young (84992K), 12 survivors (12288K)
 Metaspace       used 10183K, committed 10368K, reserved 1114112K
  class space    used 1180K, committed 1280K, reserved 1048576K
}

