# JRE version: OpenJDK Runtime Environment Microsoft-8297089 (17.0.8.1+1) (build 17.0.8.1+1-LTS)
# Java VM: OpenJDK 64-Bit Server VM Microsoft-8297089 (17.0.8.1+1-LTS, mixed mode, sharing, tiered, compressed oops, compressed class ptrs, g1 gc, windows-amd64)
GC Precious Log:
 CPUs: 4 total, 4 available
 Memory: 12163M
 Large Page Support: Disabled
 NUMA Support: Disabled
 Compressed Oops: Enabled (32-bit)
 Heap Region Size: 1M
 Heap Min Capacity: 8M
 Heap Initial Capacity: 192M
 Heap Max Capacity: 1G
 Pre-touch: Disabled
 Parallel Workers: 4
 Concurrent Workers: 1
 Concurrent Refinement Workers: 4
 Periodic GC: Disabled
Heap:
 garbage-first heap   total 429056K, used 202068K [0x00000000c0000000, 0x0000000100000000)
  region size 1024K, 23 young (23552K), 13 survivors (13312K)
 Metaspace       used 17526K, committed 17728K, reserved 1114112K
  class space    used 2078K, committed 2176K, reserved 1048576K
GC Heap History (20 events):
Event: 53.265 GC heap before
{Heap before GC invocations=44 (full 0):
 garbage-first heap   total 429056K, used 375290K [0x00000000c0000000, 0x0000000100000000)
  region size 1024K, 196 young (200704K), 9 survivors (9216K)
 Metaspace       used 17454K, committed 17664K, reserved 1114112K
  class space    used 2077K, committed 2176K, reserved 1048576K
}
Event: 53.287 GC heap after
{Heap after GC invocations=45 (full 0):
 garbage-first heap   total 429056K, used 185254K [0x00000000c0000000, 0x0000000100000000)
  region size 1024K, 10 young (10240K), 10 survivors (10240K)
 Metaspace       used 17454K, committed 17664K, reserved 1114112K
  class space    used 2077K, committed 2176K, reserved 1048576K
}
Event: 54.696 GC heap before
{Heap before GC invocations=45 (full 0):
 garbage-first heap   total 429056K, used 374694K [0x00000000c0000000, 0x0000000100000000)
  region size 1024K, 195 young (199680K), 10 survivors (10240K)
 Metaspace       used 17458K, committed 17664K, reserved 1114112K
  class space    used 2077K, committed 2176K, reserved 1048576K
}
Event: 54.721 GC heap after
{Heap after GC invocations=46 (full 0):
 garbage-first heap   total 429056K, used 186389K [0x00000000c0000000, 0x0000000100000000)
  region size 1024K, 11 young (11264K), 11 survivors (11264K)
 Metaspace       used 17458K, committed 17664K, reserved 1114112K
  class space    used 2077K, committed 2176K, reserved 1048576K
}
Event: 55.662 GC heap before
{Heap before GC invocations=46 (full 0):
 garbage-first heap   total 429056K, used 373781K [0x00000000c0000000, 0x0000000100000000)
  region size 1024K, 194 young (198656K), 11 survivors (11264K)
 Metaspace       used 17484K, committed 17664K, reserved 1114112K
  class space    used 2077K, committed 2176K, reserved 1048576K
}
Event: 55.687 GC heap after
{Heap after GC invocations=47 (full 0):
 garbage-first heap   total 429056K, used 187503K [0x00000000c0000000, 0x0000000100000000)
  region size 1024K, 12 young (12288K), 12 survivors (12288K)
 Metaspace       used 17484K, committed 17664K, reserved 1114112K
  class space    used 2077K, committed 2176K, reserved 1048576K
}
Event: 56.682 GC heap before
{Heap before GC invocations=47 (full 0):
 garbage-first heap   total 429056K, used 372847K [0x00000000c0000000, 0x0000000100000000)
  region size 1024K, 193 young (197632K), 12 survivors (12288K)
 Metaspace       used 17490K, committed 17728K, reserved 1114112K
  class space    used 2077K, committed 2176K, reserved 1048576K
}
Event: 56.711 GC heap after
{Heap after GC invocations=48 (full 0):
 garbage-first heap   total 429056K, used 188073K [0x00000000c0000000, 0x0000000100000000)
  region size 1024K, 13 young (13312K), 13 survivors (13312K)
 Metaspace       used 17490K, committed 17728K, reserved 1114112K
  class space    used 2077K, committed 2176K, reserved 1048576K
}
Event: 57.851 GC heap before
{Heap before GC invocations=48 (full 0):
 garbage-first heap   total 429056K, used 371369K [0x00000000c0000000, 0x0000000100000000)
  region size 1024K, 192 young (196608K), 13 survivors (13312K)
 Metaspace       used 17499K, committed 17728K, reserved 1114112K
  class space    used 2078K, committed 2176K, reserved 1048576K
}
Event: 57.888 GC heap after
{Heap after GC invocations=49 (full 0):
 garbage-first heap   total 429056K, used 189609K [0x00000000c0000000, 0x0000000100000000)
  region size 1024K, 14 young (14336K), 14 survivors (14336K)
 Metaspace       used 17499K, committed 17728K, reserved 1114112K
  class space    used 2078K, committed 2176K, reserved 1048576K
}
Event: 58.936 GC heap before
{Heap before GC invocations=49 (full 0):
 garbage-first heap   total 429056K, used 370857K [0x00000000c0000000, 0x0000000100000000)
  region size 1024K, 191 young (195584K), 14 survivors (14336K)
 Metaspace       used 17502K, committed 17728K, reserved 1114112K
  class space    used 2078K, committed 2176K, reserved 1048576K
}
Event: 58.967 GC heap after
{Heap after GC invocations=50 (full 0):
 garbage-first heap   total 429056K, used 189831K [0x00000000c0000000, 0x0000000100000000)
  region size 1024K, 14 young (14336K), 14 survivors (14336K)
 Metaspace       used 17502K, committed 17728K, reserved 1114112K
  class space    used 2078K, committed 2176K, reserved 1048576K
}
Event: 59.782 GC heap before
{Heap before GC invocations=50 (full 0):
 garbage-first heap   total 429056K, used 371079K [0x00000000c0000000, 0x0000000100000000)
  region size 1024K, 191 young (195584K), 14 survivors (14336K)
 Metaspace       used 17516K, committed 17728K, reserved 1114112K
  class space    used 2078K, committed 2176K, reserved 1048576K
}
Event: 59.820 GC heap after
{Heap after GC invocations=51 (full 0):
 garbage-first heap   total 429056K, used 190648K [0x00000000c0000000, 0x0000000100000000)
  region size 1024K, 14 young (14336K), 14 survivors (14336K)
 Metaspace       used 17516K, committed 17728K, reserved 1114112K
  class space    used 2078K, committed 2176K, reserved 1048576K
}
Event: 60.985 GC heap before
{Heap before GC invocations=51 (full 0):
 garbage-first heap   total 429056K, used 370872K [0x00000000c0000000, 0x0000000100000000)
  region size 1024K, 190 young (194560K), 14 survivors (14336K)
 Metaspace       used 17518K, committed 17728K, reserved 1114112K
  class space    used 2078K, committed 2176K, reserved 1048576K
}
Event: 61.016 GC heap after
{Heap after GC invocations=52 (full 0):
 garbage-first heap   total 429056K, used 192017K [0x00000000c0000000, 0x0000000100000000)
  region size 1024K, 14 young (14336K), 14 survivors (14336K)
 Metaspace       used 17518K, committed 17728K, reserved 1114112K
  class space    used 2078K, committed 2176K, reserved 1048576K
}
Event: 62.997 GC heap before
{Heap before GC invocations=52 (full 0):
 garbage-first heap   total 429056K, used 371217K [0x00000000c0000000, 0x0000000100000000)
  region size 1024K, 189 young (193536K), 14 survivors (14336K)
 Metaspace       used 17524K, committed 17728K, reserved 1114112K
  class space    used 2078K, committed 2176K, reserved 1048576K
}
Event: 63.031 GC heap after
{Heap after GC invocations=53 (full 0):
 garbage-first heap   total 429056K, used 192340K [0x00000000c0000000, 0x0000000100000000)
  region size 1024K, 13 young (13312K), 13 survivors (13312K)
 Metaspace       used 17524K, committed 17728K, reserved 1114112K
  class space    used 2078K, committed 2176K, reserved 1048576K
}
Event: 65.701 GC heap before
{Heap before GC invocations=53 (full 0):
 garbage-first heap   total 429056K, used 371540K [0x00000000c0000000, 0x0000000100000000)
  region size 1024K, 188 young (192512K), 13 survivors (13312K)
 Metaspace       used 17526K, committed 17728K, reserved 1114112K
  class space    used 2078K, committed 2176K, reserved 1048576K
}
Event: 65.732 GC heap after
{Heap after GC invocations=54 (full 0):
 garbage-first heap   total 429056K, used 192852K [0x00000000c0000000, 0x0000000100000000)
  region size 1024K, 13 young (13312K), 13 survivors (13312K)
 Metaspace       used 17526K, committed 17728K, reserved 1114112K
  class space    used 2078K, committed 2176K, reserved 1048576K
}

